<?xml version="1.0" encoding="UTF-8"?>
<coverage generated="1744194584063" clover="3.2.0">
  <project timestamp="1744194584063" name="All files">
    <metrics statements="282" coveredstatements="206" conditionals="115" coveredconditionals="68" methods="59" coveredmethods="38" elements="456" coveredelements="312" complexity="0" loc="282" ncloc="282" packages="7" files="67" classes="67"/>
    <package name="app.(tabs)">
      <metrics statements="106" coveredstatements="85" conditionals="60" coveredconditionals="43" methods="31" coveredmethods="20"/>
      <file name="index.tsx" path="/Users/jonathanfreed/Documents/Development/english-minimal-pairs/app/(tabs)/index.tsx">
        <metrics statements="76" coveredstatements="57" conditionals="46" coveredconditionals="34" methods="22" coveredmethods="13"/>
        <line num="21" count="1" type="cond" truecount="1" falsecount="1"/>
        <line num="22" count="0" type="stmt"/>
        <line num="37" count="21" type="stmt"/>
        <line num="39" count="20" type="stmt"/>
        <line num="42" count="280" type="stmt"/>
        <line num="45" count="20" type="stmt"/>
        <line num="46" count="20" type="stmt"/>
        <line num="47" count="20" type="stmt"/>
        <line num="52" count="20" type="stmt"/>
        <line num="55" count="20" type="stmt"/>
        <line num="58" count="20" type="stmt"/>
        <line num="61" count="20" type="stmt"/>
        <line num="69" count="20" type="stmt"/>
        <line num="74" count="20" type="stmt"/>
        <line num="75" count="20" type="stmt"/>
        <line num="81" count="20" type="stmt"/>
        <line num="82" count="20" type="stmt"/>
        <line num="83" count="20" type="stmt"/>
        <line num="86" count="20" type="cond" truecount="3" falsecount="1"/>
        <line num="87" count="0" type="stmt"/>
        <line num="97" count="20" type="stmt"/>
        <line num="98" count="20" type="stmt"/>
        <line num="99" count="20" type="stmt"/>
        <line num="104" count="20" type="stmt"/>
        <line num="105" count="5" type="stmt"/>
        <line num="114" count="5" type="stmt"/>
        <line num="115" count="5" type="cond" truecount="2" falsecount="0"/>
        <line num="116" count="4" type="stmt"/>
        <line num="125" count="4" type="stmt"/>
        <line num="126" count="4" type="cond" truecount="1" falsecount="1"/>
        <line num="127" count="0" type="stmt"/>
        <line num="130" count="4" type="cond" truecount="2" falsecount="0"/>
        <line num="131" count="4" type="stmt"/>
        <line num="133" count="4" type="stmt"/>
        <line num="134" count="4" type="stmt"/>
        <line num="135" count="4" type="cond" truecount="2" falsecount="0"/>
        <line num="136" count="4" type="stmt"/>
        <line num="137" count="4" type="stmt"/>
        <line num="138" count="4" type="stmt"/>
        <line num="140" count="0" type="stmt"/>
        <line num="148" count="2" type="stmt"/>
        <line num="149" count="2" type="stmt"/>
        <line num="167" count="3" type="cond" truecount="1" falsecount="1"/>
        <line num="168" count="3" type="stmt"/>
        <line num="169" count="3" type="cond" truecount="2" falsecount="0"/>
        <line num="172" count="3" type="cond" truecount="2" falsecount="0"/>
        <line num="173" count="2" type="stmt"/>
        <line num="174" count="2" type="stmt"/>
        <line num="176" count="1" type="stmt"/>
        <line num="180" count="3" type="stmt"/>
        <line num="181" count="3" type="stmt"/>
        <line num="183" count="3" type="cond" truecount="3" falsecount="1"/>
        <line num="185" count="3" type="stmt"/>
        <line num="186" count="3" type="stmt"/>
        <line num="187" count="3" type="stmt"/>
        <line num="191" count="20" type="cond" truecount="1" falsecount="1"/>
        <line num="197" count="0" type="stmt"/>
        <line num="198" count="0" type="stmt"/>
        <line num="210" count="0" type="stmt"/>
        <line num="215" count="0" type="cond" truecount="0" falsecount="2"/>
        <line num="216" count="0" type="stmt"/>
        <line num="221" count="20" type="stmt"/>
        <line num="233" count="0" type="cond" truecount="0" falsecount="2"/>
        <line num="261" count="0" type="stmt"/>
        <line num="265" count="0" type="stmt"/>
        <line num="266" count="0" type="stmt"/>
        <line num="267" count="0" type="stmt"/>
        <line num="268" count="0" type="stmt"/>
        <line num="285" count="0" type="stmt"/>
        <line num="286" count="0" type="stmt"/>
        <line num="291" count="120" type="stmt"/>
        <line num="292" count="120" type="stmt"/>
        <line num="320" count="0" type="stmt"/>
        <line num="328" count="2" type="stmt"/>
        <line num="343" count="0" type="stmt"/>
        <line num="351" count="1" type="stmt"/>
      </file>
      <file name="infoScreen.tsx" path="/Users/jonathanfreed/Documents/Development/english-minimal-pairs/app/(tabs)/infoScreen.tsx">
        <metrics statements="4" coveredstatements="4" conditionals="0" coveredconditionals="0" methods="1" coveredmethods="1"/>
        <line num="9" count="1" type="stmt"/>
        <line num="10" count="1" type="stmt"/>
        <line num="18" count="1" type="stmt"/>
        <line num="20" count="1" type="stmt"/>
      </file>
      <file name="results.tsx" path="/Users/jonathanfreed/Documents/Development/english-minimal-pairs/app/(tabs)/results.tsx">
        <metrics statements="26" coveredstatements="24" conditionals="14" coveredconditionals="9" methods="8" coveredmethods="6"/>
        <line num="22" count="1" type="stmt"/>
        <line num="23" count="1" type="stmt"/>
        <line num="25" count="1" type="stmt"/>
        <line num="33" count="1" type="stmt"/>
        <line num="35" count="14" type="stmt"/>
        <line num="36" count="1" type="stmt"/>
        <line num="37" count="1" type="stmt"/>
        <line num="38" count="1" type="stmt"/>
        <line num="41" count="1" type="cond" truecount="3" falsecount="1"/>
        <line num="42" count="0" type="stmt"/>
        <line num="53" count="1" type="stmt"/>
        <line num="54" count="6" type="stmt"/>
        <line num="55" count="6" type="stmt"/>
        <line num="62" count="1" type="stmt"/>
        <line num="63" count="6" type="cond" truecount="2" falsecount="0"/>
        <line num="64" count="6" type="cond" truecount="1" falsecount="1"/>
        <line num="65" count="6" type="stmt"/>
        <line num="66" count="6" type="stmt"/>
        <line num="67" count="6" type="cond" truecount="1" falsecount="1"/>
        <line num="68" count="6" type="stmt"/>
        <line num="69" count="6" type="stmt"/>
        <line num="71" count="6" type="cond" truecount="1" falsecount="1"/>
        <line num="72" count="0" type="stmt"/>
        <line num="75" count="6" type="stmt"/>
        <line num="123" count="1" type="stmt"/>
        <line num="137" count="7" type="stmt"/>
      </file>
    </package>
    <package name="assets.audio">
      <metrics statements="53" coveredstatements="53" conditionals="0" coveredconditionals="0" methods="0" coveredmethods="0"/>
      <file name="bad.mp3" path="/Users/jonathanfreed/Documents/Development/english-minimal-pairs/assets/audio/bad.mp3">
        <metrics statements="1" coveredstatements="1" conditionals="0" coveredconditionals="0" methods="0" coveredmethods="0"/>
        <line num="1" count="2" type="stmt"/>
      </file>
      <file name="ban.mp3" path="/Users/jonathanfreed/Documents/Development/english-minimal-pairs/assets/audio/ban.mp3">
        <metrics statements="1" coveredstatements="1" conditionals="0" coveredconditionals="0" methods="0" coveredmethods="0"/>
        <line num="1" count="2" type="stmt"/>
      </file>
      <file name="bane.mp3" path="/Users/jonathanfreed/Documents/Development/english-minimal-pairs/assets/audio/bane.mp3">
        <metrics statements="1" coveredstatements="1" conditionals="0" coveredconditionals="0" methods="0" coveredmethods="0"/>
        <line num="1" count="2" type="stmt"/>
      </file>
      <file name="bat.mp3" path="/Users/jonathanfreed/Documents/Development/english-minimal-pairs/assets/audio/bat.mp3">
        <metrics statements="1" coveredstatements="1" conditionals="0" coveredconditionals="0" methods="0" coveredmethods="0"/>
        <line num="1" count="2" type="stmt"/>
      </file>
      <file name="beat.mp3" path="/Users/jonathanfreed/Documents/Development/english-minimal-pairs/assets/audio/beat.mp3">
        <metrics statements="1" coveredstatements="1" conditionals="0" coveredconditionals="0" methods="0" coveredmethods="0"/>
        <line num="1" count="2" type="stmt"/>
      </file>
      <file name="bed.mp3" path="/Users/jonathanfreed/Documents/Development/english-minimal-pairs/assets/audio/bed.mp3">
        <metrics statements="1" coveredstatements="1" conditionals="0" coveredconditionals="0" methods="0" coveredmethods="0"/>
        <line num="1" count="2" type="stmt"/>
      </file>
      <file name="bet.mp3" path="/Users/jonathanfreed/Documents/Development/english-minimal-pairs/assets/audio/bet.mp3">
        <metrics statements="1" coveredstatements="1" conditionals="0" coveredconditionals="0" methods="0" coveredmethods="0"/>
        <line num="1" count="2" type="stmt"/>
      </file>
      <file name="bit.mp3" path="/Users/jonathanfreed/Documents/Development/english-minimal-pairs/assets/audio/bit.mp3">
        <metrics statements="1" coveredstatements="1" conditionals="0" coveredconditionals="0" methods="0" coveredmethods="0"/>
        <line num="1" count="2" type="stmt"/>
      </file>
      <file name="bow.mp3" path="/Users/jonathanfreed/Documents/Development/english-minimal-pairs/assets/audio/bow.mp3">
        <metrics statements="1" coveredstatements="1" conditionals="0" coveredconditionals="0" methods="0" coveredmethods="0"/>
        <line num="1" count="2" type="stmt"/>
      </file>
      <file name="calm.mp3" path="/Users/jonathanfreed/Documents/Development/english-minimal-pairs/assets/audio/calm.mp3">
        <metrics statements="1" coveredstatements="1" conditionals="0" coveredconditionals="0" methods="0" coveredmethods="0"/>
        <line num="1" count="2" type="stmt"/>
      </file>
      <file name="cat.mp3" path="/Users/jonathanfreed/Documents/Development/english-minimal-pairs/assets/audio/cat.mp3">
        <metrics statements="1" coveredstatements="1" conditionals="0" coveredconditionals="0" methods="0" coveredmethods="0"/>
        <line num="1" count="2" type="stmt"/>
      </file>
      <file name="chip.mp3" path="/Users/jonathanfreed/Documents/Development/english-minimal-pairs/assets/audio/chip.mp3">
        <metrics statements="1" coveredstatements="1" conditionals="0" coveredconditionals="0" methods="0" coveredmethods="0"/>
        <line num="1" count="2" type="stmt"/>
      </file>
      <file name="come.mp3" path="/Users/jonathanfreed/Documents/Development/english-minimal-pairs/assets/audio/come.mp3">
        <metrics statements="1" coveredstatements="1" conditionals="0" coveredconditionals="0" methods="0" coveredmethods="0"/>
        <line num="1" count="2" type="stmt"/>
      </file>
      <file name="cot.mp3" path="/Users/jonathanfreed/Documents/Development/english-minimal-pairs/assets/audio/cot.mp3">
        <metrics statements="1" coveredstatements="1" conditionals="0" coveredconditionals="0" methods="0" coveredmethods="0"/>
        <line num="1" count="2" type="stmt"/>
      </file>
      <file name="cut.mp3" path="/Users/jonathanfreed/Documents/Development/english-minimal-pairs/assets/audio/cut.mp3">
        <metrics statements="1" coveredstatements="1" conditionals="0" coveredconditionals="0" methods="0" coveredmethods="0"/>
        <line num="1" count="2" type="stmt"/>
      </file>
      <file name="den.mp3" path="/Users/jonathanfreed/Documents/Development/english-minimal-pairs/assets/audio/den.mp3">
        <metrics statements="1" coveredstatements="1" conditionals="0" coveredconditionals="0" methods="0" coveredmethods="0"/>
        <line num="1" count="2" type="stmt"/>
      </file>
      <file name="fan.mp3" path="/Users/jonathanfreed/Documents/Development/english-minimal-pairs/assets/audio/fan.mp3">
        <metrics statements="1" coveredstatements="1" conditionals="0" coveredconditionals="0" methods="0" coveredmethods="0"/>
        <line num="1" count="2" type="stmt"/>
      </file>
      <file name="fine.mp3" path="/Users/jonathanfreed/Documents/Development/english-minimal-pairs/assets/audio/fine.mp3">
        <metrics statements="1" coveredstatements="1" conditionals="0" coveredconditionals="0" methods="0" coveredmethods="0"/>
        <line num="1" count="2" type="stmt"/>
      </file>
      <file name="jam.mp3" path="/Users/jonathanfreed/Documents/Development/english-minimal-pairs/assets/audio/jam.mp3">
        <metrics statements="1" coveredstatements="1" conditionals="0" coveredconditionals="0" methods="0" coveredmethods="0"/>
        <line num="1" count="2" type="stmt"/>
      </file>
      <file name="leaf.mp3" path="/Users/jonathanfreed/Documents/Development/english-minimal-pairs/assets/audio/leaf.mp3">
        <metrics statements="1" coveredstatements="1" conditionals="0" coveredconditionals="0" methods="0" coveredmethods="0"/>
        <line num="1" count="2" type="stmt"/>
      </file>
      <file name="leap.mp3" path="/Users/jonathanfreed/Documents/Development/english-minimal-pairs/assets/audio/leap.mp3">
        <metrics statements="1" coveredstatements="1" conditionals="0" coveredconditionals="0" methods="0" coveredmethods="0"/>
        <line num="1" count="2" type="stmt"/>
      </file>
      <file name="leave.mp3" path="/Users/jonathanfreed/Documents/Development/english-minimal-pairs/assets/audio/leave.mp3">
        <metrics statements="1" coveredstatements="1" conditionals="0" coveredconditionals="0" methods="0" coveredmethods="0"/>
        <line num="1" count="2" type="stmt"/>
      </file>
      <file name="light.mp3" path="/Users/jonathanfreed/Documents/Development/english-minimal-pairs/assets/audio/light.mp3">
        <metrics statements="1" coveredstatements="1" conditionals="0" coveredconditionals="0" methods="0" coveredmethods="0"/>
        <line num="1" count="2" type="stmt"/>
      </file>
      <file name="load.mp3" path="/Users/jonathanfreed/Documents/Development/english-minimal-pairs/assets/audio/load.mp3">
        <metrics statements="1" coveredstatements="1" conditionals="0" coveredconditionals="0" methods="0" coveredmethods="0"/>
        <line num="1" count="2" type="stmt"/>
      </file>
      <file name="pan.mp3" path="/Users/jonathanfreed/Documents/Development/english-minimal-pairs/assets/audio/pan.mp3">
        <metrics statements="1" coveredstatements="1" conditionals="0" coveredconditionals="0" methods="0" coveredmethods="0"/>
        <line num="1" count="2" type="stmt"/>
      </file>
      <file name="pat.mp3" path="/Users/jonathanfreed/Documents/Development/english-minimal-pairs/assets/audio/pat.mp3">
        <metrics statements="1" coveredstatements="1" conditionals="0" coveredconditionals="0" methods="0" coveredmethods="0"/>
        <line num="1" count="2" type="stmt"/>
      </file>
      <file name="pool.mp3" path="/Users/jonathanfreed/Documents/Development/english-minimal-pairs/assets/audio/pool.mp3">
        <metrics statements="1" coveredstatements="1" conditionals="0" coveredconditionals="0" methods="0" coveredmethods="0"/>
        <line num="1" count="2" type="stmt"/>
      </file>
      <file name="pull.mp3" path="/Users/jonathanfreed/Documents/Development/english-minimal-pairs/assets/audio/pull.mp3">
        <metrics statements="1" coveredstatements="1" conditionals="0" coveredconditionals="0" methods="0" coveredmethods="0"/>
        <line num="1" count="2" type="stmt"/>
      </file>
      <file name="right.mp3" path="/Users/jonathanfreed/Documents/Development/english-minimal-pairs/assets/audio/right.mp3">
        <metrics statements="1" coveredstatements="1" conditionals="0" coveredconditionals="0" methods="0" coveredmethods="0"/>
        <line num="1" count="2" type="stmt"/>
      </file>
      <file name="road.mp3" path="/Users/jonathanfreed/Documents/Development/english-minimal-pairs/assets/audio/road.mp3">
        <metrics statements="1" coveredstatements="1" conditionals="0" coveredconditionals="0" methods="0" coveredmethods="0"/>
        <line num="1" count="2" type="stmt"/>
      </file>
      <file name="seal.mp3" path="/Users/jonathanfreed/Documents/Development/english-minimal-pairs/assets/audio/seal.mp3">
        <metrics statements="1" coveredstatements="1" conditionals="0" coveredconditionals="0" methods="0" coveredmethods="0"/>
        <line num="1" count="2" type="stmt"/>
      </file>
      <file name="seat.mp3" path="/Users/jonathanfreed/Documents/Development/english-minimal-pairs/assets/audio/seat.mp3">
        <metrics statements="1" coveredstatements="1" conditionals="0" coveredconditionals="0" methods="0" coveredmethods="0"/>
        <line num="1" count="2" type="stmt"/>
      </file>
      <file name="sheep.mp3" path="/Users/jonathanfreed/Documents/Development/english-minimal-pairs/assets/audio/sheep.mp3">
        <metrics statements="1" coveredstatements="1" conditionals="0" coveredconditionals="0" methods="0" coveredmethods="0"/>
        <line num="1" count="2" type="stmt"/>
      </file>
      <file name="sheet.mp3" path="/Users/jonathanfreed/Documents/Development/english-minimal-pairs/assets/audio/sheet.mp3">
        <metrics statements="1" coveredstatements="1" conditionals="0" coveredconditionals="0" methods="0" coveredmethods="0"/>
        <line num="1" count="2" type="stmt"/>
      </file>
      <file name="ship.mp3" path="/Users/jonathanfreed/Documents/Development/english-minimal-pairs/assets/audio/ship.mp3">
        <metrics statements="1" coveredstatements="1" conditionals="0" coveredconditionals="0" methods="0" coveredmethods="0"/>
        <line num="1" count="2" type="stmt"/>
      </file>
      <file name="sin.mp3" path="/Users/jonathanfreed/Documents/Development/english-minimal-pairs/assets/audio/sin.mp3">
        <metrics statements="1" coveredstatements="1" conditionals="0" coveredconditionals="0" methods="0" coveredmethods="0"/>
        <line num="1" count="2" type="stmt"/>
      </file>
      <file name="sing.mp3" path="/Users/jonathanfreed/Documents/Development/english-minimal-pairs/assets/audio/sing.mp3">
        <metrics statements="1" coveredstatements="1" conditionals="0" coveredconditionals="0" methods="0" coveredmethods="0"/>
        <line num="1" count="2" type="stmt"/>
      </file>
      <file name="sink.mp3" path="/Users/jonathanfreed/Documents/Development/english-minimal-pairs/assets/audio/sink.mp3">
        <metrics statements="1" coveredstatements="1" conditionals="0" coveredconditionals="0" methods="0" coveredmethods="0"/>
        <line num="1" count="2" type="stmt"/>
      </file>
      <file name="sip.mp3" path="/Users/jonathanfreed/Documents/Development/english-minimal-pairs/assets/audio/sip.mp3">
        <metrics statements="1" coveredstatements="1" conditionals="0" coveredconditionals="0" methods="0" coveredmethods="0"/>
        <line num="1" count="2" type="stmt"/>
      </file>
      <file name="then.mp3" path="/Users/jonathanfreed/Documents/Development/english-minimal-pairs/assets/audio/then.mp3">
        <metrics statements="1" coveredstatements="1" conditionals="0" coveredconditionals="0" methods="0" coveredmethods="0"/>
        <line num="1" count="2" type="stmt"/>
      </file>
      <file name="thin.mp3" path="/Users/jonathanfreed/Documents/Development/english-minimal-pairs/assets/audio/thin.mp3">
        <metrics statements="1" coveredstatements="1" conditionals="0" coveredconditionals="0" methods="0" coveredmethods="0"/>
        <line num="1" count="2" type="stmt"/>
      </file>
      <file name="think.mp3" path="/Users/jonathanfreed/Documents/Development/english-minimal-pairs/assets/audio/think.mp3">
        <metrics statements="1" coveredstatements="1" conditionals="0" coveredconditionals="0" methods="0" coveredmethods="0"/>
        <line num="1" count="2" type="stmt"/>
      </file>
      <file name="tin.mp3" path="/Users/jonathanfreed/Documents/Development/english-minimal-pairs/assets/audio/tin.mp3">
        <metrics statements="1" coveredstatements="1" conditionals="0" coveredconditionals="0" methods="0" coveredmethods="0"/>
        <line num="1" count="2" type="stmt"/>
      </file>
      <file name="vain.mp3" path="/Users/jonathanfreed/Documents/Development/english-minimal-pairs/assets/audio/vain.mp3">
        <metrics statements="1" coveredstatements="1" conditionals="0" coveredconditionals="0" methods="0" coveredmethods="0"/>
        <line num="1" count="2" type="stmt"/>
      </file>
      <file name="van.mp3" path="/Users/jonathanfreed/Documents/Development/english-minimal-pairs/assets/audio/van.mp3">
        <metrics statements="1" coveredstatements="1" conditionals="0" coveredconditionals="0" methods="0" coveredmethods="0"/>
        <line num="1" count="2" type="stmt"/>
      </file>
      <file name="vest.mp3" path="/Users/jonathanfreed/Documents/Development/english-minimal-pairs/assets/audio/vest.mp3">
        <metrics statements="1" coveredstatements="1" conditionals="0" coveredconditionals="0" methods="0" coveredmethods="0"/>
        <line num="1" count="2" type="stmt"/>
      </file>
      <file name="vine.mp3" path="/Users/jonathanfreed/Documents/Development/english-minimal-pairs/assets/audio/vine.mp3">
        <metrics statements="1" coveredstatements="1" conditionals="0" coveredconditionals="0" methods="0" coveredmethods="0"/>
        <line num="1" count="2" type="stmt"/>
      </file>
      <file name="vow.mp3" path="/Users/jonathanfreed/Documents/Development/english-minimal-pairs/assets/audio/vow.mp3">
        <metrics statements="1" coveredstatements="1" conditionals="0" coveredconditionals="0" methods="0" coveredmethods="0"/>
        <line num="1" count="2" type="stmt"/>
      </file>
      <file name="west.mp3" path="/Users/jonathanfreed/Documents/Development/english-minimal-pairs/assets/audio/west.mp3">
        <metrics statements="1" coveredstatements="1" conditionals="0" coveredconditionals="0" methods="0" coveredmethods="0"/>
        <line num="1" count="2" type="stmt"/>
      </file>
      <file name="wine.mp3" path="/Users/jonathanfreed/Documents/Development/english-minimal-pairs/assets/audio/wine.mp3">
        <metrics statements="1" coveredstatements="1" conditionals="0" coveredconditionals="0" methods="0" coveredmethods="0"/>
        <line num="1" count="2" type="stmt"/>
      </file>
      <file name="zeal.mp3" path="/Users/jonathanfreed/Documents/Development/english-minimal-pairs/assets/audio/zeal.mp3">
        <metrics statements="1" coveredstatements="1" conditionals="0" coveredconditionals="0" methods="0" coveredmethods="0"/>
        <line num="1" count="2" type="stmt"/>
      </file>
      <file name="zham.mp3" path="/Users/jonathanfreed/Documents/Development/english-minimal-pairs/assets/audio/zham.mp3">
        <metrics statements="1" coveredstatements="1" conditionals="0" coveredconditionals="0" methods="0" coveredmethods="0"/>
        <line num="1" count="2" type="stmt"/>
      </file>
      <file name="zip.mp3" path="/Users/jonathanfreed/Documents/Development/english-minimal-pairs/assets/audio/zip.mp3">
        <metrics statements="1" coveredstatements="1" conditionals="0" coveredconditionals="0" methods="0" coveredmethods="0"/>
        <line num="1" count="2" type="stmt"/>
      </file>
    </package>
    <package name="components">
      <metrics statements="7" coveredstatements="4" conditionals="12" coveredconditionals="6" methods="2" coveredmethods="1"/>
      <file name="ThemedText.tsx" path="/Users/jonathanfreed/Documents/Development/english-minimal-pairs/components/ThemedText.tsx">
        <metrics statements="3" coveredstatements="3" conditionals="11" coveredconditionals="6" methods="1" coveredmethods="1"/>
        <line num="18" count="1" type="stmt"/>
        <line num="20" count="1" type="stmt"/>
        <line num="36" count="1" type="stmt"/>
      </file>
      <file name="TimePracticedBar.tsx" path="/Users/jonathanfreed/Documents/Development/english-minimal-pairs/components/TimePracticedBar.tsx">
        <metrics statements="4" coveredstatements="1" conditionals="1" coveredconditionals="0" methods="1" coveredmethods="0"/>
        <line num="13" count="0" type="stmt"/>
        <line num="14" count="0" type="stmt"/>
        <line num="16" count="0" type="stmt"/>
        <line num="28" count="1" type="stmt"/>
      </file>
    </package>
    <package name="constants">
      <metrics statements="5" coveredstatements="5" conditionals="2" coveredconditionals="2" methods="1" coveredmethods="1"/>
      <file name="Colors.ts" path="/Users/jonathanfreed/Documents/Development/english-minimal-pairs/constants/Colors.ts">
        <metrics statements="1" coveredstatements="1" conditionals="0" coveredconditionals="0" methods="0" coveredmethods="0"/>
        <line num="1" count="4" type="stmt"/>
      </file>
      <file name="alternateLanguages.ts" path="/Users/jonathanfreed/Documents/Development/english-minimal-pairs/constants/alternateLanguages.ts">
        <metrics statements="1" coveredstatements="1" conditionals="0" coveredconditionals="0" methods="0" coveredmethods="0"/>
        <line num="16" count="3" type="stmt"/>
      </file>
      <file name="minimalPairs.ts" path="/Users/jonathanfreed/Documents/Development/english-minimal-pairs/constants/minimalPairs.ts">
        <metrics statements="1" coveredstatements="1" conditionals="0" coveredconditionals="0" methods="0" coveredmethods="0"/>
        <line num="1" count="2" type="stmt"/>
      </file>
      <file name="styles.ts" path="/Users/jonathanfreed/Documents/Development/english-minimal-pairs/constants/styles.ts">
        <metrics statements="2" coveredstatements="2" conditionals="2" coveredconditionals="2" methods="1" coveredmethods="1"/>
        <line num="19" count="3" type="stmt"/>
        <line num="20" count="22" type="stmt"/>
      </file>
    </package>
    <package name="hooks">
      <metrics statements="20" coveredstatements="18" conditionals="12" coveredconditionals="6" methods="5" coveredmethods="5"/>
      <file name="useColorScheme.ts" path="/Users/jonathanfreed/Documents/Development/english-minimal-pairs/hooks/useColorScheme.ts">
        <metrics statements="0" coveredstatements="0" conditionals="0" coveredconditionals="0" methods="0" coveredmethods="0"/>
      </file>
      <file name="useLanguageScheme.tsx" path="/Users/jonathanfreed/Documents/Development/english-minimal-pairs/hooks/useLanguageScheme.tsx">
        <metrics statements="13" coveredstatements="12" conditionals="4" coveredconditionals="2" methods="3" coveredmethods="3"/>
        <line num="14" count="3" type="stmt"/>
        <line num="18" count="3" type="stmt"/>
        <line num="23" count="7" type="stmt"/>
        <line num="24" count="7" type="stmt"/>
        <line num="25" count="7" type="stmt"/>
        <line num="27" count="7" type="stmt"/>
        <line num="28" count="39" type="cond" truecount="1" falsecount="1"/>
        <line num="31" count="7" type="stmt"/>
        <line num="40" count="3" type="stmt"/>
        <line num="41" count="22" type="stmt"/>
        <line num="42" count="22" type="cond" truecount="1" falsecount="1"/>
        <line num="43" count="0" type="stmt"/>
        <line num="47" count="22" type="stmt"/>
      </file>
      <file name="useThemeColor.ts" path="/Users/jonathanfreed/Documents/Development/english-minimal-pairs/hooks/useThemeColor.ts">
        <metrics statements="7" coveredstatements="6" conditionals="8" coveredconditionals="4" methods="2" coveredmethods="2"/>
        <line num="13" count="133" type="stmt"/>
        <line num="14" count="132" type="cond" truecount="1" falsecount="1"/>
        <line num="16" count="132" type="stmt"/>
        <line num="18" count="132" type="cond" truecount="1" falsecount="1"/>
        <line num="19" count="0" type="stmt"/>
        <line num="22" count="132" type="cond" truecount="1" falsecount="1"/>
        <line num="23" count="132" type="cond" truecount="1" falsecount="1"/>
      </file>
    </package>
    <package name="src.context">
      <metrics statements="17" coveredstatements="16" conditionals="2" coveredconditionals="1" methods="9" coveredmethods="7"/>
      <file name="PairProgressContext.tsx" path="/Users/jonathanfreed/Documents/Development/english-minimal-pairs/src/context/PairProgressContext.tsx">
        <metrics statements="17" coveredstatements="16" conditionals="2" coveredconditionals="1" methods="9" coveredmethods="7"/>
        <line num="9" count="3" type="stmt"/>
        <line num="10" count="3" type="cond" truecount="1" falsecount="1"/>
        <line num="12" count="0" type="stmt"/>
        <line num="14" count="3" type="stmt"/>
        <line num="22" count="3" type="stmt"/>
        <line num="27" count="15" type="stmt"/>
        <line num="29" count="15" type="stmt"/>
        <line num="30" count="6" type="stmt"/>
        <line num="31" count="6" type="stmt"/>
        <line num="32" count="6" type="stmt"/>
        <line num="34" count="6" type="stmt"/>
        <line num="37" count="15" type="stmt"/>
        <line num="38" count="3" type="stmt"/>
        <line num="39" count="3" type="stmt"/>
        <line num="40" count="3" type="stmt"/>
        <line num="43" count="15" type="stmt"/>
        <line num="50" count="22" type="stmt"/>
      </file>
    </package>
    <package name="src.storage">
      <metrics statements="74" coveredstatements="25" conditionals="27" coveredconditionals="10" methods="11" coveredmethods="4"/>
      <file name="progressStorage.ts" path="/Users/jonathanfreed/Documents/Development/english-minimal-pairs/src/storage/progressStorage.ts">
        <metrics statements="74" coveredstatements="25" conditionals="27" coveredconditionals="10" methods="11" coveredmethods="4"/>
        <line num="5" count="3" type="stmt"/>
        <line num="16" count="3" type="stmt"/>
        <line num="20" count="3" type="stmt"/>
        <line num="21" count="3" type="stmt"/>
        <line num="22" count="3" type="cond" truecount="2" falsecount="0"/>
        <line num="26" count="3" type="stmt"/>
        <line num="31" count="3" type="cond" truecount="2" falsecount="0"/>
        <line num="32" count="3" type="stmt"/>
        <line num="34" count="3" type="stmt"/>
        <line num="38" count="3" type="stmt"/>
        <line num="40" count="0" type="stmt"/>
        <line num="44" count="3" type="stmt"/>
        <line num="45" count="9" type="stmt"/>
        <line num="46" count="9" type="stmt"/>
        <line num="47" count="9" type="cond" truecount="2" falsecount="0"/>
        <line num="49" count="0" type="stmt"/>
        <line num="50" count="0" type="stmt"/>
        <line num="54" count="3" type="stmt"/>
        <line num="58" count="6" type="stmt"/>
        <line num="59" count="6" type="stmt"/>
        <line num="61" count="6" type="stmt"/>
        <line num="62" count="6" type="stmt"/>
        <line num="64" count="6" type="stmt"/>
        <line num="65" count="0" type="stmt"/>
        <line num="66" count="0" type="stmt"/>
        <line num="67" count="0" type="stmt"/>
        <line num="68" count="0" type="cond" truecount="0" falsecount="2"/>
        <line num="71" count="6" type="cond" truecount="1" falsecount="1"/>
        <line num="74" count="3" type="stmt"/>
        <line num="78" count="0" type="cond" truecount="0" falsecount="2"/>
        <line num="80" count="0" type="stmt"/>
        <line num="81" count="0" type="stmt"/>
        <line num="82" count="0" type="stmt"/>
        <line num="84" count="0" type="stmt"/>
        <line num="85" count="0" type="stmt"/>
        <line num="86" count="0" type="cond" truecount="0" falsecount="2"/>
        <line num="87" count="0" type="stmt"/>
        <line num="88" count="0" type="stmt"/>
        <line num="92" count="0" type="stmt"/>
        <line num="93" count="0" type="stmt"/>
        <line num="96" count="3" type="stmt"/>
        <line num="100" count="6" type="cond" truecount="1" falsecount="1"/>
        <line num="102" count="0" type="stmt"/>
        <line num="103" count="0" type="stmt"/>
        <line num="104" count="0" type="stmt"/>
        <line num="105" count="0" type="stmt"/>
        <line num="106" count="0" type="stmt"/>
        <line num="108" count="0" type="stmt"/>
        <line num="109" count="0" type="stmt"/>
        <line num="110" count="0" type="stmt"/>
        <line num="112" count="0" type="cond" truecount="0" falsecount="2"/>
        <line num="114" count="0" type="cond" truecount="0" falsecount="2"/>
        <line num="115" count="0" type="stmt"/>
        <line num="116" count="0" type="stmt"/>
        <line num="117" count="0" type="stmt"/>
        <line num="119" count="0" type="stmt"/>
        <line num="120" count="0" type="cond" truecount="0" falsecount="2"/>
        <line num="123" count="0" type="stmt"/>
        <line num="128" count="0" type="stmt"/>
        <line num="134" count="0" type="stmt"/>
        <line num="135" count="0" type="stmt"/>
        <line num="138" count="0" type="stmt"/>
        <line num="142" count="0" type="stmt"/>
        <line num="143" count="0" type="stmt"/>
        <line num="144" count="0" type="stmt"/>
        <line num="145" count="0" type="stmt"/>
        <line num="146" count="0" type="cond" truecount="0" falsecount="2"/>
        <line num="149" count="0" type="stmt"/>
        <line num="154" count="0" type="stmt"/>
        <line num="160" count="0" type="stmt"/>
        <line num="163" count="3" type="stmt"/>
        <line num="164" count="0" type="stmt"/>
        <line num="165" count="0" type="stmt"/>
        <line num="167" count="0" type="stmt"/>
      </file>
    </package>
  </project>
</coverage>
