{"/Users/jonathanfreed/Documents/Development/english-minimal-pairs/app/(tabs)/index.tsx": {"path":"/Users/jonathanfreed/Documents/Development/english-minimal-pairs/app/(tabs)/index.tsx","statementMap":{"0":{"start":{"line":21,"column":0},"end":{"line":23,"column":1}},"1":{"start":{"line":22,"column":2},"end":{"line":22,"column":65}},"2":{"start":{"line":37,"column":28},"end":{"line":37,"column":45}},"3":{"start":{"line":39,"column":4},"end":{"line":39,"column":23}},"4":{"start":{"line":42,"column":21},"end":{"line":42,"column":66}},"5":{"start":{"line":42,"column":50},"end":{"line":42,"column":65}},"6":{"start":{"line":45,"column":36},"end":{"line":45,"column":47}},"7":{"start":{"line":46,"column":48},"end":{"line":46,"column":77}},"8":{"start":{"line":47,"column":34},"end":{"line":49,"column":3}},"9":{"start":{"line":52,"column":29},"end":{"line":52,"column":66}},"10":{"start":{"line":55,"column":58},"end":{"line":55,"column":73}},"11":{"start":{"line":58,"column":26},"end":{"line":58,"column":63}},"12":{"start":{"line":61,"column":22},"end":{"line":68,"column":3}},"13":{"start":{"line":69,"column":17},"end":{"line":69,"column":42}},"14":{"start":{"line":74,"column":2},"end":{"line":76,"column":47}},"15":{"start":{"line":75,"column":4},"end":{"line":75,"column":43}},"16":{"start":{"line":81,"column":31},"end":{"line":81,"column":56}},"17":{"start":{"line":82,"column":17},"end":{"line":84,"column":3}},"18":{"start":{"line":83,"column":13},"end":{"line":83,"column":50}},"19":{"start":{"line":86,"column":2},"end":{"line":94,"column":3}},"20":{"start":{"line":87,"column":4},"end":{"line":93,"column":6}},"21":{"start":{"line":97,"column":26},"end":{"line":97,"column":38}},"22":{"start":{"line":98,"column":23},"end":{"line":98,"column":49}},"23":{"start":{"line":99,"column":19},"end":{"line":99,"column":51}},"24":{"start":{"line":104,"column":2},"end":{"line":119,"column":9}},"25":{"start":{"line":105,"column":4},"end":{"line":113,"column":7}},"26":{"start":{"line":114,"column":4},"end":{"line":118,"column":6}},"27":{"start":{"line":115,"column":6},"end":{"line":117,"column":7}},"28":{"start":{"line":116,"column":8},"end":{"line":116,"column":39}},"29":{"start":{"line":125,"column":4},"end":{"line":125,"column":22}},"30":{"start":{"line":126,"column":4},"end":{"line":128,"column":5}},"31":{"start":{"line":127,"column":6},"end":{"line":127,"column":43}},"32":{"start":{"line":130,"column":16},"end":{"line":130,"column":43}},"33":{"start":{"line":131,"column":4},"end":{"line":131,"column":28}},"34":{"start":{"line":133,"column":4},"end":{"line":141,"column":5}},"35":{"start":{"line":134,"column":23},"end":{"line":134,"column":40}},"36":{"start":{"line":135,"column":26},"end":{"line":135,"column":79}},"37":{"start":{"line":136,"column":6},"end":{"line":136,"column":44}},"38":{"start":{"line":137,"column":6},"end":{"line":137,"column":34}},"39":{"start":{"line":138,"column":6},"end":{"line":138,"column":33}},"40":{"start":{"line":140,"column":6},"end":{"line":140,"column":48}},"41":{"start":{"line":148,"column":4},"end":{"line":148,"column":37}},"42":{"start":{"line":149,"column":4},"end":{"line":160,"column":15}},"43":{"start":{"line":167,"column":4},"end":{"line":167,"column":41}},"44":{"start":{"line":167,"column":34},"end":{"line":167,"column":41}},"45":{"start":{"line":168,"column":22},"end":{"line":168,"column":53}},"46":{"start":{"line":169,"column":4},"end":{"line":169,"column":53}},"47":{"start":{"line":172,"column":4},"end":{"line":177,"column":5}},"48":{"start":{"line":173,"column":6},"end":{"line":173,"column":74}},"49":{"start":{"line":174,"column":6},"end":{"line":174,"column":21}},"50":{"start":{"line":176,"column":6},"end":{"line":176,"column":72}},"51":{"start":{"line":180,"column":19},"end":{"line":182,"column":5}},"52":{"start":{"line":181,"column":15},"end":{"line":181,"column":52}},"53":{"start":{"line":183,"column":4},"end":{"line":183,"column":53}},"54":{"start":{"line":183,"column":46},"end":{"line":183,"column":53}},"55":{"start":{"line":185,"column":25},"end":{"line":185,"column":48}},"56":{"start":{"line":186,"column":19},"end":{"line":186,"column":85}},"57":{"start":{"line":187,"column":4},"end":{"line":187,"column":37}},"58":{"start":{"line":191,"column":24},"end":{"line":191,"column":79}},"59":{"start":{"line":197,"column":4},"end":{"line":197,"column":34}},"60":{"start":{"line":198,"column":4},"end":{"line":203,"column":15}},"61":{"start":{"line":210,"column":4},"end":{"line":218,"column":7}},"62":{"start":{"line":215,"column":6},"end":{"line":217,"column":7}},"63":{"start":{"line":216,"column":8},"end":{"line":216,"column":39}},"64":{"start":{"line":221,"column":2},"end":{"line":374,"column":4}},"65":{"start":{"line":233,"column":10},"end":{"line":233,"column":65}},"66":{"start":{"line":261,"column":14},"end":{"line":272,"column":33}},"67":{"start":{"line":265,"column":18},"end":{"line":265,"column":38}},"68":{"start":{"line":266,"column":18},"end":{"line":266,"column":34}},"69":{"start":{"line":267,"column":18},"end":{"line":267,"column":36}},"70":{"start":{"line":268,"column":18},"end":{"line":268,"column":34}},"71":{"start":{"line":285,"column":10},"end":{"line":285,"column":36}},"72":{"start":{"line":286,"column":10},"end":{"line":286,"column":28}},"73":{"start":{"line":291,"column":24},"end":{"line":291,"column":49}},"74":{"start":{"line":292,"column":10},"end":{"line":292,"column":77}},"75":{"start":{"line":320,"column":31},"end":{"line":320,"column":46}},"76":{"start":{"line":328,"column":29},"end":{"line":328,"column":44}},"77":{"start":{"line":343,"column":31},"end":{"line":343,"column":46}},"78":{"start":{"line":351,"column":29},"end":{"line":351,"column":44}}},"fnMap":{"0":{"name":"HomeScreen","decl":{"start":{"line":35,"column":24},"end":{"line":35,"column":34}},"loc":{"start":{"line":35,"column":37},"end":{"line":375,"column":1}},"line":35},"1":{"name":"(anonymous_1)","decl":{"start":{"line":42,"column":38},"end":{"line":42,"column":39}},"loc":{"start":{"line":42,"column":50},"end":{"line":42,"column":65}},"line":42},"2":{"name":"(anonymous_2)","decl":{"start":{"line":74,"column":12},"end":{"line":74,"column":13}},"loc":{"start":{"line":74,"column":18},"end":{"line":76,"column":3}},"line":74},"3":{"name":"(anonymous_3)","decl":{"start":{"line":83,"column":4},"end":{"line":83,"column":5}},"loc":{"start":{"line":83,"column":13},"end":{"line":83,"column":50}},"line":83},"4":{"name":"(anonymous_4)","decl":{"start":{"line":104,"column":12},"end":{"line":104,"column":13}},"loc":{"start":{"line":104,"column":18},"end":{"line":119,"column":3}},"line":104},"5":{"name":"(anonymous_5)","decl":{"start":{"line":114,"column":11},"end":{"line":114,"column":12}},"loc":{"start":{"line":114,"column":17},"end":{"line":118,"column":5}},"line":114},"6":{"name":"handlePlay","decl":{"start":{"line":124,"column":17},"end":{"line":124,"column":27}},"loc":{"start":{"line":124,"column":30},"end":{"line":142,"column":3}},"line":124},"7":{"name":"popAnimation","decl":{"start":{"line":147,"column":11},"end":{"line":147,"column":23}},"loc":{"start":{"line":147,"column":26},"end":{"line":161,"column":3}},"line":147},"8":{"name":"handleAnswer","decl":{"start":{"line":166,"column":11},"end":{"line":166,"column":23}},"loc":{"start":{"line":166,"column":44},"end":{"line":188,"column":3}},"line":166},"9":{"name":"(anonymous_9)","decl":{"start":{"line":181,"column":6},"end":{"line":181,"column":7}},"loc":{"start":{"line":181,"column":15},"end":{"line":181,"column":52}},"line":181},"10":{"name":"openDropdown","decl":{"start":{"line":196,"column":11},"end":{"line":196,"column":23}},"loc":{"start":{"line":196,"column":26},"end":{"line":204,"column":3}},"line":196},"11":{"name":"closeDropdown","decl":{"start":{"line":209,"column":11},"end":{"line":209,"column":24}},"loc":{"start":{"line":209,"column":27},"end":{"line":219,"column":3}},"line":209},"12":{"name":"(anonymous_12)","decl":{"start":{"line":214,"column":13},"end":{"line":214,"column":14}},"loc":{"start":{"line":214,"column":31},"end":{"line":218,"column":5}},"line":214},"13":{"name":"(anonymous_13)","decl":{"start":{"line":232,"column":17},"end":{"line":232,"column":18}},"loc":{"start":{"line":233,"column":10},"end":{"line":233,"column":65}},"line":233},"14":{"name":"(anonymous_14)","decl":{"start":{"line":260,"column":28},"end":{"line":260,"column":29}},"loc":{"start":{"line":261,"column":14},"end":{"line":272,"column":33}},"line":261},"15":{"name":"(anonymous_15)","decl":{"start":{"line":264,"column":25},"end":{"line":264,"column":26}},"loc":{"start":{"line":264,"column":31},"end":{"line":269,"column":17}},"line":264},"16":{"name":"(anonymous_16)","decl":{"start":{"line":284,"column":23},"end":{"line":284,"column":24}},"loc":{"start":{"line":284,"column":32},"end":{"line":287,"column":9}},"line":284},"17":{"name":"(anonymous_17)","decl":{"start":{"line":290,"column":29},"end":{"line":290,"column":30}},"loc":{"start":{"line":290,"column":39},"end":{"line":293,"column":9}},"line":290},"18":{"name":"(anonymous_18)","decl":{"start":{"line":320,"column":25},"end":{"line":320,"column":26}},"loc":{"start":{"line":320,"column":31},"end":{"line":320,"column":46}},"line":320},"19":{"name":"(anonymous_19)","decl":{"start":{"line":328,"column":23},"end":{"line":328,"column":24}},"loc":{"start":{"line":328,"column":29},"end":{"line":328,"column":44}},"line":328},"20":{"name":"(anonymous_20)","decl":{"start":{"line":343,"column":25},"end":{"line":343,"column":26}},"loc":{"start":{"line":343,"column":31},"end":{"line":343,"column":46}},"line":343},"21":{"name":"(anonymous_21)","decl":{"start":{"line":351,"column":23},"end":{"line":351,"column":24}},"loc":{"start":{"line":351,"column":29},"end":{"line":351,"column":44}},"line":351}},"branchMap":{"0":{"loc":{"start":{"line":21,"column":0},"end":{"line":23,"column":1}},"type":"if","locations":[{"start":{"line":21,"column":0},"end":{"line":23,"column":1}},{"start":{},"end":{}}],"line":21},"1":{"loc":{"start":{"line":86,"column":2},"end":{"line":94,"column":3}},"type":"if","locations":[{"start":{"line":86,"column":2},"end":{"line":94,"column":3}},{"start":{},"end":{}}],"line":86},"2":{"loc":{"start":{"line":86,"column":6},"end":{"line":86,"column":42}},"type":"binary-expr","locations":[{"start":{"line":86,"column":6},"end":{"line":86,"column":13}},{"start":{"line":86,"column":17},"end":{"line":86,"column":42}}],"line":86},"3":{"loc":{"start":{"line":115,"column":6},"end":{"line":117,"column":7}},"type":"if","locations":[{"start":{"line":115,"column":6},"end":{"line":117,"column":7}},{"start":{},"end":{}}],"line":115},"4":{"loc":{"start":{"line":126,"column":4},"end":{"line":128,"column":5}},"type":"if","locations":[{"start":{"line":126,"column":4},"end":{"line":128,"column":5}},{"start":{},"end":{}}],"line":126},"5":{"loc":{"start":{"line":130,"column":16},"end":{"line":130,"column":43}},"type":"cond-expr","locations":[{"start":{"line":130,"column":38},"end":{"line":130,"column":39}},{"start":{"line":130,"column":42},"end":{"line":130,"column":43}}],"line":130},"6":{"loc":{"start":{"line":135,"column":26},"end":{"line":135,"column":79}},"type":"cond-expr","locations":[{"start":{"line":135,"column":38},"end":{"line":135,"column":57}},{"start":{"line":135,"column":60},"end":{"line":135,"column":79}}],"line":135},"7":{"loc":{"start":{"line":167,"column":4},"end":{"line":167,"column":41}},"type":"if","locations":[{"start":{"line":167,"column":4},"end":{"line":167,"column":41}},{"start":{},"end":{}}],"line":167},"8":{"loc":{"start":{"line":169,"column":16},"end":{"line":169,"column":51}},"type":"cond-expr","locations":[{"start":{"line":169,"column":28},"end":{"line":169,"column":37}},{"start":{"line":169,"column":40},"end":{"line":169,"column":51}}],"line":169},"9":{"loc":{"start":{"line":172,"column":4},"end":{"line":177,"column":5}},"type":"if","locations":[{"start":{"line":172,"column":4},"end":{"line":177,"column":5}},{"start":{"line":175,"column":11},"end":{"line":177,"column":5}}],"line":172},"10":{"loc":{"start":{"line":183,"column":4},"end":{"line":183,"column":53}},"type":"if","locations":[{"start":{"line":183,"column":4},"end":{"line":183,"column":53}},{"start":{},"end":{}}],"line":183},"11":{"loc":{"start":{"line":183,"column":8},"end":{"line":183,"column":44}},"type":"binary-expr","locations":[{"start":{"line":183,"column":8},"end":{"line":183,"column":15}},{"start":{"line":183,"column":19},"end":{"line":183,"column":44}}],"line":183},"12":{"loc":{"start":{"line":191,"column":24},"end":{"line":191,"column":79}},"type":"binary-expr","locations":[{"start":{"line":191,"column":24},"end":{"line":191,"column":63}},{"start":{"line":191,"column":67},"end":{"line":191,"column":79}}],"line":191},"13":{"loc":{"start":{"line":215,"column":6},"end":{"line":217,"column":7}},"type":"if","locations":[{"start":{"line":215,"column":6},"end":{"line":217,"column":7}},{"start":{},"end":{}}],"line":215},"14":{"loc":{"start":{"line":233,"column":10},"end":{"line":233,"column":65}},"type":"cond-expr","locations":[{"start":{"line":233,"column":33},"end":{"line":233,"column":48}},{"start":{"line":233,"column":51},"end":{"line":233,"column":65}}],"line":233},"15":{"loc":{"start":{"line":242,"column":7},"end":{"line":276,"column":7}},"type":"binary-expr","locations":[{"start":{"line":242,"column":7},"end":{"line":242,"column":27}},{"start":{"line":243,"column":8},"end":{"line":275,"column":20}}],"line":242},"16":{"loc":{"start":{"line":314,"column":11},"end":{"line":332,"column":11}},"type":"cond-expr","locations":[{"start":{"line":315,"column":12},"end":{"line":324,"column":28}},{"start":{"line":326,"column":12},"end":{"line":331,"column":31}}],"line":314},"17":{"loc":{"start":{"line":314,"column":11},"end":{"line":314,"column":58}},"type":"binary-expr","locations":[{"start":{"line":314,"column":11},"end":{"line":314,"column":32}},{"start":{"line":314,"column":36},"end":{"line":314,"column":58}}],"line":314},"18":{"loc":{"start":{"line":337,"column":11},"end":{"line":355,"column":11}},"type":"cond-expr","locations":[{"start":{"line":338,"column":12},"end":{"line":347,"column":28}},{"start":{"line":349,"column":12},"end":{"line":354,"column":31}}],"line":337},"19":{"loc":{"start":{"line":337,"column":11},"end":{"line":337,"column":58}},"type":"binary-expr","locations":[{"start":{"line":337,"column":11},"end":{"line":337,"column":32}},{"start":{"line":337,"column":36},"end":{"line":337,"column":58}}],"line":337},"20":{"loc":{"start":{"line":358,"column":9},"end":{"line":371,"column":9}},"type":"binary-expr","locations":[{"start":{"line":358,"column":9},"end":{"line":358,"column":17}},{"start":{"line":359,"column":10},"end":{"line":370,"column":17}}],"line":358},"21":{"loc":{"start":{"line":363,"column":16},"end":{"line":365,"column":44}},"type":"cond-expr","locations":[{"start":{"line":364,"column":20},"end":{"line":364,"column":42}},{"start":{"line":365,"column":20},"end":{"line":365,"column":44}}],"line":363},"22":{"loc":{"start":{"line":368,"column":15},"end":{"line":368,"column":49}},"type":"cond-expr","locations":[{"start":{"line":368,"column":40},"end":{"line":368,"column":43}},{"start":{"line":368,"column":46},"end":{"line":368,"column":49}}],"line":368}},"s":{"0":1,"1":0,"2":21,"3":20,"4":20,"5":280,"6":20,"7":20,"8":20,"9":20,"10":20,"11":20,"12":20,"13":20,"14":20,"15":20,"16":20,"17":20,"18":20,"19":20,"20":0,"21":20,"22":20,"23":20,"24":20,"25":5,"26":5,"27":5,"28":4,"29":4,"30":4,"31":0,"32":4,"33":4,"34":4,"35":4,"36":4,"37":4,"38":4,"39":4,"40":0,"41":2,"42":2,"43":3,"44":0,"45":3,"46":3,"47":3,"48":2,"49":2,"50":1,"51":3,"52":3,"53":3,"54":0,"55":3,"56":3,"57":3,"58":20,"59":0,"60":0,"61":0,"62":0,"63":0,"64":20,"65":0,"66":0,"67":0,"68":0,"69":0,"70":0,"71":0,"72":0,"73":120,"74":120,"75":0,"76":2,"77":0,"78":1},"f":{"0":21,"1":280,"2":20,"3":20,"4":5,"5":5,"6":4,"7":2,"8":3,"9":3,"10":0,"11":0,"12":0,"13":0,"14":0,"15":0,"16":0,"17":120,"18":0,"19":2,"20":0,"21":1},"b":{"0":[0,1],"1":[0,20],"2":[20,20],"3":[4,1],"4":[0,4],"5":[3,1],"6":[3,1],"7":[0,3],"8":[2,1],"9":[2,1],"10":[0,3],"11":[3,3],"12":[20,0],"13":[0,0],"14":[0,0],"15":[20,0],"16":[4,16],"17":[20,12],"18":[0,20],"19":[20,2],"20":[20,6],"21":[4,2],"22":[4,2]},"_coverageSchema":"1a1c01bbd47fc00a2c39e90264f33305004495a9","hash":"b001accb3a204d5a5db5d41dcc35aa5871a6ff05"}
,"/Users/jonathanfreed/Documents/Development/english-minimal-pairs/app/(tabs)/infoScreen.tsx": {"path":"/Users/jonathanfreed/Documents/Development/english-minimal-pairs/app/(tabs)/infoScreen.tsx","statementMap":{"0":{"start":{"line":9,"column":26},"end":{"line":9,"column":45}},"1":{"start":{"line":10,"column":22},"end":{"line":17,"column":3}},"2":{"start":{"line":18,"column":17},"end":{"line":18,"column":42}},"3":{"start":{"line":20,"column":2},"end":{"line":37,"column":4}}},"fnMap":{"0":{"name":"InfoScreen","decl":{"start":{"line":8,"column":24},"end":{"line":8,"column":34}},"loc":{"start":{"line":8,"column":37},"end":{"line":38,"column":1}},"line":8}},"branchMap":{},"s":{"0":1,"1":1,"2":1,"3":1},"f":{"0":1},"b":{},"_coverageSchema":"1a1c01bbd47fc00a2c39e90264f33305004495a9","hash":"d0727df751ff4f551b586dac1c11003544b08b05"}
,"/Users/jonathanfreed/Documents/Development/english-minimal-pairs/app/(tabs)/results.tsx": {"path":"/Users/jonathanfreed/Documents/Development/english-minimal-pairs/app/(tabs)/results.tsx","statementMap":{"0":{"start":{"line":22,"column":23},"end":{"line":22,"column":40}},"1":{"start":{"line":23,"column":31},"end":{"line":23,"column":50}},"2":{"start":{"line":25,"column":22},"end":{"line":32,"column":3}},"3":{"start":{"line":33,"column":17},"end":{"line":33,"column":42}},"4":{"start":{"line":35,"column":21},"end":{"line":35,"column":60}},"5":{"start":{"line":35,"column":47},"end":{"line":35,"column":59}},"6":{"start":{"line":36,"column":31},"end":{"line":36,"column":56}},"7":{"start":{"line":37,"column":17},"end":{"line":39,"column":3}},"8":{"start":{"line":38,"column":13},"end":{"line":38,"column":50}},"9":{"start":{"line":41,"column":2},"end":{"line":51,"column":3}},"10":{"start":{"line":42,"column":4},"end":{"line":50,"column":6}},"11":{"start":{"line":53,"column":42},"end":{"line":60,"column":4}},"12":{"start":{"line":54,"column":19},"end":{"line":54,"column":75}},"13":{"start":{"line":55,"column":4},"end":{"line":59,"column":6}},"14":{"start":{"line":62,"column":21},"end":{"line":121,"column":3}},"15":{"start":{"line":63,"column":18},"end":{"line":63,"column":55}},"16":{"start":{"line":64,"column":21},"end":{"line":64,"column":41}},"17":{"start":{"line":65,"column":18},"end":{"line":65,"column":33}},"18":{"start":{"line":66,"column":20},"end":{"line":66,"column":62}},"19":{"start":{"line":66,"column":43},"end":{"line":66,"column":54}},"20":{"start":{"line":67,"column":19},"end":{"line":67,"column":58}},"21":{"start":{"line":68,"column":24},"end":{"line":68,"column":59}},"22":{"start":{"line":69,"column":22},"end":{"line":69,"column":58}},"23":{"start":{"line":71,"column":6},"end":{"line":73,"column":11}},"24":{"start":{"line":72,"column":43},"end":{"line":72,"column":62}},"25":{"start":{"line":75,"column":4},"end":{"line":120,"column":6}},"26":{"start":{"line":123,"column":2},"end":{"line":141,"column":4}},"27":{"start":{"line":137,"column":32},"end":{"line":137,"column":39}}},"fnMap":{"0":{"name":"ResultsScreen","decl":{"start":{"line":21,"column":24},"end":{"line":21,"column":37}},"loc":{"start":{"line":21,"column":40},"end":{"line":142,"column":1}},"line":21},"1":{"name":"(anonymous_1)","decl":{"start":{"line":35,"column":38},"end":{"line":35,"column":39}},"loc":{"start":{"line":35,"column":47},"end":{"line":35,"column":59}},"line":35},"2":{"name":"(anonymous_2)","decl":{"start":{"line":38,"column":4},"end":{"line":38,"column":5}},"loc":{"start":{"line":38,"column":13},"end":{"line":38,"column":50}},"line":38},"3":{"name":"(anonymous_3)","decl":{"start":{"line":53,"column":59},"end":{"line":53,"column":60}},"loc":{"start":{"line":53,"column":72},"end":{"line":60,"column":3}},"line":53},"4":{"name":"(anonymous_4)","decl":{"start":{"line":62,"column":21},"end":{"line":62,"column":22}},"loc":{"start":{"line":62,"column":60},"end":{"line":121,"column":3}},"line":62},"5":{"name":"(anonymous_5)","decl":{"start":{"line":66,"column":36},"end":{"line":66,"column":37}},"loc":{"start":{"line":66,"column":43},"end":{"line":66,"column":54}},"line":66},"6":{"name":"(anonymous_6)","decl":{"start":{"line":72,"column":36},"end":{"line":72,"column":37}},"loc":{"start":{"line":72,"column":43},"end":{"line":72,"column":62}},"line":72},"7":{"name":"(anonymous_7)","decl":{"start":{"line":137,"column":22},"end":{"line":137,"column":23}},"loc":{"start":{"line":137,"column":32},"end":{"line":137,"column":39}},"line":137}},"branchMap":{"0":{"loc":{"start":{"line":41,"column":2},"end":{"line":51,"column":3}},"type":"if","locations":[{"start":{"line":41,"column":2},"end":{"line":51,"column":3}},{"start":{},"end":{}}],"line":41},"1":{"loc":{"start":{"line":41,"column":6},"end":{"line":41,"column":42}},"type":"binary-expr","locations":[{"start":{"line":41,"column":6},"end":{"line":41,"column":13}},{"start":{"line":41,"column":17},"end":{"line":41,"column":42}}],"line":41},"2":{"loc":{"start":{"line":63,"column":18},"end":{"line":63,"column":55}},"type":"binary-expr","locations":[{"start":{"line":63,"column":18},"end":{"line":63,"column":35}},{"start":{"line":63,"column":39},"end":{"line":63,"column":55}}],"line":63},"3":{"loc":{"start":{"line":64,"column":21},"end":{"line":64,"column":41}},"type":"binary-expr","locations":[{"start":{"line":64,"column":21},"end":{"line":64,"column":35}},{"start":{"line":64,"column":39},"end":{"line":64,"column":41}}],"line":64},"4":{"loc":{"start":{"line":67,"column":19},"end":{"line":67,"column":58}},"type":"cond-expr","locations":[{"start":{"line":67,"column":31},"end":{"line":67,"column":54}},{"start":{"line":67,"column":57},"end":{"line":67,"column":58}}],"line":67},"5":{"loc":{"start":{"line":71,"column":6},"end":{"line":73,"column":11}},"type":"cond-expr","locations":[{"start":{"line":72,"column":10},"end":{"line":72,"column":64}},{"start":{"line":73,"column":10},"end":{"line":73,"column":11}}],"line":71},"6":{"loc":{"start":{"line":112,"column":11},"end":{"line":117,"column":11}},"type":"binary-expr","locations":[{"start":{"line":112,"column":11},"end":{"line":112,"column":31}},{"start":{"line":113,"column":12},"end":{"line":116,"column":19}}],"line":112}},"s":{"0":1,"1":1,"2":1,"3":1,"4":1,"5":14,"6":1,"7":1,"8":1,"9":1,"10":0,"11":1,"12":6,"13":6,"14":1,"15":6,"16":6,"17":6,"18":6,"19":0,"20":6,"21":6,"22":6,"23":6,"24":0,"25":6,"26":1,"27":7},"f":{"0":1,"1":14,"2":1,"3":6,"4":6,"5":0,"6":0,"7":7},"b":{"0":[0,1],"1":[1,1],"2":[6,6],"3":[6,0],"4":[0,6],"5":[0,6],"6":[6,0]},"_coverageSchema":"1a1c01bbd47fc00a2c39e90264f33305004495a9","hash":"f71cac35cffe38374f4c2708ac3b4eb94e0b484d"}
,"/Users/jonathanfreed/Documents/Development/english-minimal-pairs/assets/audio/bad.mp3": {"path":"/Users/jonathanfreed/Documents/Development/english-minimal-pairs/assets/audio/bad.mp3","statementMap":{"0":{"start":{"line":1,"column":0},"end":{"line":1,"column":19}}},"fnMap":{},"branchMap":{},"s":{"0":2},"f":{},"b":{},"_coverageSchema":"1a1c01bbd47fc00a2c39e90264f33305004495a9","hash":"5d897c681055a623af5ab1c96e6e512e7fb5ac4d"}
,"/Users/jonathanfreed/Documents/Development/english-minimal-pairs/assets/audio/ban.mp3": {"path":"/Users/jonathanfreed/Documents/Development/english-minimal-pairs/assets/audio/ban.mp3","statementMap":{"0":{"start":{"line":1,"column":0},"end":{"line":1,"column":19}}},"fnMap":{},"branchMap":{},"s":{"0":2},"f":{},"b":{},"_coverageSchema":"1a1c01bbd47fc00a2c39e90264f33305004495a9","hash":"2741f59782f048a199243b93f54f3d9321bfed82"}
,"/Users/jonathanfreed/Documents/Development/english-minimal-pairs/assets/audio/bane.mp3": {"path":"/Users/jonathanfreed/Documents/Development/english-minimal-pairs/assets/audio/bane.mp3","statementMap":{"0":{"start":{"line":1,"column":0},"end":{"line":1,"column":19}}},"fnMap":{},"branchMap":{},"s":{"0":2},"f":{},"b":{},"_coverageSchema":"1a1c01bbd47fc00a2c39e90264f33305004495a9","hash":"e87d41edc1e0d84362035d614270a874a73af6cf"}
,"/Users/jonathanfreed/Documents/Development/english-minimal-pairs/assets/audio/bat.mp3": {"path":"/Users/jonathanfreed/Documents/Development/english-minimal-pairs/assets/audio/bat.mp3","statementMap":{"0":{"start":{"line":1,"column":0},"end":{"line":1,"column":19}}},"fnMap":{},"branchMap":{},"s":{"0":2},"f":{},"b":{},"_coverageSchema":"1a1c01bbd47fc00a2c39e90264f33305004495a9","hash":"9838f099e786ca8255c81513735d46655e9bd3f1"}
,"/Users/jonathanfreed/Documents/Development/english-minimal-pairs/assets/audio/beat.mp3": {"path":"/Users/jonathanfreed/Documents/Development/english-minimal-pairs/assets/audio/beat.mp3","statementMap":{"0":{"start":{"line":1,"column":0},"end":{"line":1,"column":19}}},"fnMap":{},"branchMap":{},"s":{"0":2},"f":{},"b":{},"_coverageSchema":"1a1c01bbd47fc00a2c39e90264f33305004495a9","hash":"23945b527908900696183fdd95ca6fa7f7c8b6fc"}
,"/Users/jonathanfreed/Documents/Development/english-minimal-pairs/assets/audio/bed.mp3": {"path":"/Users/jonathanfreed/Documents/Development/english-minimal-pairs/assets/audio/bed.mp3","statementMap":{"0":{"start":{"line":1,"column":0},"end":{"line":1,"column":19}}},"fnMap":{},"branchMap":{},"s":{"0":2},"f":{},"b":{},"_coverageSchema":"1a1c01bbd47fc00a2c39e90264f33305004495a9","hash":"fa0c3270d30fb93e7a5d7c9a13f107410039e79e"}
,"/Users/jonathanfreed/Documents/Development/english-minimal-pairs/assets/audio/bet.mp3": {"path":"/Users/jonathanfreed/Documents/Development/english-minimal-pairs/assets/audio/bet.mp3","statementMap":{"0":{"start":{"line":1,"column":0},"end":{"line":1,"column":19}}},"fnMap":{},"branchMap":{},"s":{"0":2},"f":{},"b":{},"_coverageSchema":"1a1c01bbd47fc00a2c39e90264f33305004495a9","hash":"e5466496bf99e3456b83ac3ff4e8797d433a52da"}
,"/Users/jonathanfreed/Documents/Development/english-minimal-pairs/assets/audio/bit.mp3": {"path":"/Users/jonathanfreed/Documents/Development/english-minimal-pairs/assets/audio/bit.mp3","statementMap":{"0":{"start":{"line":1,"column":0},"end":{"line":1,"column":19}}},"fnMap":{},"branchMap":{},"s":{"0":2},"f":{},"b":{},"_coverageSchema":"1a1c01bbd47fc00a2c39e90264f33305004495a9","hash":"8a208af44a85539450a8cb477dc9f0ee60d34e11"}
,"/Users/jonathanfreed/Documents/Development/english-minimal-pairs/assets/audio/bow.mp3": {"path":"/Users/jonathanfreed/Documents/Development/english-minimal-pairs/assets/audio/bow.mp3","statementMap":{"0":{"start":{"line":1,"column":0},"end":{"line":1,"column":19}}},"fnMap":{},"branchMap":{},"s":{"0":2},"f":{},"b":{},"_coverageSchema":"1a1c01bbd47fc00a2c39e90264f33305004495a9","hash":"e73621d2c29d18ce23cefc36f8d55cff32ce3da1"}
,"/Users/jonathanfreed/Documents/Development/english-minimal-pairs/assets/audio/calm.mp3": {"path":"/Users/jonathanfreed/Documents/Development/english-minimal-pairs/assets/audio/calm.mp3","statementMap":{"0":{"start":{"line":1,"column":0},"end":{"line":1,"column":19}}},"fnMap":{},"branchMap":{},"s":{"0":2},"f":{},"b":{},"_coverageSchema":"1a1c01bbd47fc00a2c39e90264f33305004495a9","hash":"c32c30088d4e35e9c7b2be5383afe310503eaa03"}
,"/Users/jonathanfreed/Documents/Development/english-minimal-pairs/assets/audio/cat.mp3": {"path":"/Users/jonathanfreed/Documents/Development/english-minimal-pairs/assets/audio/cat.mp3","statementMap":{"0":{"start":{"line":1,"column":0},"end":{"line":1,"column":19}}},"fnMap":{},"branchMap":{},"s":{"0":2},"f":{},"b":{},"_coverageSchema":"1a1c01bbd47fc00a2c39e90264f33305004495a9","hash":"27a1d268d9ca3b6945527f821d1151cea5bacee3"}
,"/Users/jonathanfreed/Documents/Development/english-minimal-pairs/assets/audio/chip.mp3": {"path":"/Users/jonathanfreed/Documents/Development/english-minimal-pairs/assets/audio/chip.mp3","statementMap":{"0":{"start":{"line":1,"column":0},"end":{"line":1,"column":19}}},"fnMap":{},"branchMap":{},"s":{"0":2},"f":{},"b":{},"_coverageSchema":"1a1c01bbd47fc00a2c39e90264f33305004495a9","hash":"8977c1508d8fc72c75d0cfa0b8057b2781c221e4"}
,"/Users/jonathanfreed/Documents/Development/english-minimal-pairs/assets/audio/come.mp3": {"path":"/Users/jonathanfreed/Documents/Development/english-minimal-pairs/assets/audio/come.mp3","statementMap":{"0":{"start":{"line":1,"column":0},"end":{"line":1,"column":19}}},"fnMap":{},"branchMap":{},"s":{"0":2},"f":{},"b":{},"_coverageSchema":"1a1c01bbd47fc00a2c39e90264f33305004495a9","hash":"1c210ea8fa73a9eeb42fcac7e1dd431eb81b0546"}
,"/Users/jonathanfreed/Documents/Development/english-minimal-pairs/assets/audio/cot.mp3": {"path":"/Users/jonathanfreed/Documents/Development/english-minimal-pairs/assets/audio/cot.mp3","statementMap":{"0":{"start":{"line":1,"column":0},"end":{"line":1,"column":19}}},"fnMap":{},"branchMap":{},"s":{"0":2},"f":{},"b":{},"_coverageSchema":"1a1c01bbd47fc00a2c39e90264f33305004495a9","hash":"1a63cf95217c0b1a3479e53ac37780fce81f5acd"}
,"/Users/jonathanfreed/Documents/Development/english-minimal-pairs/assets/audio/cut.mp3": {"path":"/Users/jonathanfreed/Documents/Development/english-minimal-pairs/assets/audio/cut.mp3","statementMap":{"0":{"start":{"line":1,"column":0},"end":{"line":1,"column":19}}},"fnMap":{},"branchMap":{},"s":{"0":2},"f":{},"b":{},"_coverageSchema":"1a1c01bbd47fc00a2c39e90264f33305004495a9","hash":"c17227d7fa5fcba7136c97ff8f7ef5058609ab26"}
,"/Users/jonathanfreed/Documents/Development/english-minimal-pairs/assets/audio/den.mp3": {"path":"/Users/jonathanfreed/Documents/Development/english-minimal-pairs/assets/audio/den.mp3","statementMap":{"0":{"start":{"line":1,"column":0},"end":{"line":1,"column":19}}},"fnMap":{},"branchMap":{},"s":{"0":2},"f":{},"b":{},"_coverageSchema":"1a1c01bbd47fc00a2c39e90264f33305004495a9","hash":"a6cc8dfc9a6bfb3a8efab9f8bbe4cdb266c92e5c"}
,"/Users/jonathanfreed/Documents/Development/english-minimal-pairs/assets/audio/fan.mp3": {"path":"/Users/jonathanfreed/Documents/Development/english-minimal-pairs/assets/audio/fan.mp3","statementMap":{"0":{"start":{"line":1,"column":0},"end":{"line":1,"column":19}}},"fnMap":{},"branchMap":{},"s":{"0":2},"f":{},"b":{},"_coverageSchema":"1a1c01bbd47fc00a2c39e90264f33305004495a9","hash":"e23cda576180988150865e73d5dbd7e1a991afa5"}
,"/Users/jonathanfreed/Documents/Development/english-minimal-pairs/assets/audio/fine.mp3": {"path":"/Users/jonathanfreed/Documents/Development/english-minimal-pairs/assets/audio/fine.mp3","statementMap":{"0":{"start":{"line":1,"column":0},"end":{"line":1,"column":19}}},"fnMap":{},"branchMap":{},"s":{"0":2},"f":{},"b":{},"_coverageSchema":"1a1c01bbd47fc00a2c39e90264f33305004495a9","hash":"9a2c0fd1fec91a81f6f1d674529cb6698f115ad1"}
,"/Users/jonathanfreed/Documents/Development/english-minimal-pairs/assets/audio/jam.mp3": {"path":"/Users/jonathanfreed/Documents/Development/english-minimal-pairs/assets/audio/jam.mp3","statementMap":{"0":{"start":{"line":1,"column":0},"end":{"line":1,"column":19}}},"fnMap":{},"branchMap":{},"s":{"0":2},"f":{},"b":{},"_coverageSchema":"1a1c01bbd47fc00a2c39e90264f33305004495a9","hash":"48108c4e52ee99453521e2ea6293e4d02d2bb1ef"}
,"/Users/jonathanfreed/Documents/Development/english-minimal-pairs/assets/audio/leaf.mp3": {"path":"/Users/jonathanfreed/Documents/Development/english-minimal-pairs/assets/audio/leaf.mp3","statementMap":{"0":{"start":{"line":1,"column":0},"end":{"line":1,"column":19}}},"fnMap":{},"branchMap":{},"s":{"0":2},"f":{},"b":{},"_coverageSchema":"1a1c01bbd47fc00a2c39e90264f33305004495a9","hash":"b4562b7c44e2a58577733b29669984d379f1c1d1"}
,"/Users/jonathanfreed/Documents/Development/english-minimal-pairs/assets/audio/leap.mp3": {"path":"/Users/jonathanfreed/Documents/Development/english-minimal-pairs/assets/audio/leap.mp3","statementMap":{"0":{"start":{"line":1,"column":0},"end":{"line":1,"column":19}}},"fnMap":{},"branchMap":{},"s":{"0":2},"f":{},"b":{},"_coverageSchema":"1a1c01bbd47fc00a2c39e90264f33305004495a9","hash":"cbda418334301a0e6dba9e4cd09a42cd494231ec"}
,"/Users/jonathanfreed/Documents/Development/english-minimal-pairs/assets/audio/leave.mp3": {"path":"/Users/jonathanfreed/Documents/Development/english-minimal-pairs/assets/audio/leave.mp3","statementMap":{"0":{"start":{"line":1,"column":0},"end":{"line":1,"column":19}}},"fnMap":{},"branchMap":{},"s":{"0":2},"f":{},"b":{},"_coverageSchema":"1a1c01bbd47fc00a2c39e90264f33305004495a9","hash":"ccefb1efe17bfe869de64e43a8f06c54bba87f51"}
,"/Users/jonathanfreed/Documents/Development/english-minimal-pairs/assets/audio/light.mp3": {"path":"/Users/jonathanfreed/Documents/Development/english-minimal-pairs/assets/audio/light.mp3","statementMap":{"0":{"start":{"line":1,"column":0},"end":{"line":1,"column":19}}},"fnMap":{},"branchMap":{},"s":{"0":2},"f":{},"b":{},"_coverageSchema":"1a1c01bbd47fc00a2c39e90264f33305004495a9","hash":"70f0ae61614942bb55faac036e484bba22b1a3fd"}
,"/Users/jonathanfreed/Documents/Development/english-minimal-pairs/assets/audio/load.mp3": {"path":"/Users/jonathanfreed/Documents/Development/english-minimal-pairs/assets/audio/load.mp3","statementMap":{"0":{"start":{"line":1,"column":0},"end":{"line":1,"column":19}}},"fnMap":{},"branchMap":{},"s":{"0":2},"f":{},"b":{},"_coverageSchema":"1a1c01bbd47fc00a2c39e90264f33305004495a9","hash":"9d7ac4fd9cc519213ce5a1e657630460f467a27d"}
,"/Users/jonathanfreed/Documents/Development/english-minimal-pairs/assets/audio/pan.mp3": {"path":"/Users/jonathanfreed/Documents/Development/english-minimal-pairs/assets/audio/pan.mp3","statementMap":{"0":{"start":{"line":1,"column":0},"end":{"line":1,"column":19}}},"fnMap":{},"branchMap":{},"s":{"0":2},"f":{},"b":{},"_coverageSchema":"1a1c01bbd47fc00a2c39e90264f33305004495a9","hash":"9a61c0c46c858733cebf11acde58c3fa60f7f1d7"}
,"/Users/jonathanfreed/Documents/Development/english-minimal-pairs/assets/audio/pat.mp3": {"path":"/Users/jonathanfreed/Documents/Development/english-minimal-pairs/assets/audio/pat.mp3","statementMap":{"0":{"start":{"line":1,"column":0},"end":{"line":1,"column":19}}},"fnMap":{},"branchMap":{},"s":{"0":2},"f":{},"b":{},"_coverageSchema":"1a1c01bbd47fc00a2c39e90264f33305004495a9","hash":"5c552e7bdd7c1f980819dccb0e776a189977d232"}
,"/Users/jonathanfreed/Documents/Development/english-minimal-pairs/assets/audio/pool.mp3": {"path":"/Users/jonathanfreed/Documents/Development/english-minimal-pairs/assets/audio/pool.mp3","statementMap":{"0":{"start":{"line":1,"column":0},"end":{"line":1,"column":19}}},"fnMap":{},"branchMap":{},"s":{"0":2},"f":{},"b":{},"_coverageSchema":"1a1c01bbd47fc00a2c39e90264f33305004495a9","hash":"9651e0e738015c3b044e27a84c556555b22f56ea"}
,"/Users/jonathanfreed/Documents/Development/english-minimal-pairs/assets/audio/pull.mp3": {"path":"/Users/jonathanfreed/Documents/Development/english-minimal-pairs/assets/audio/pull.mp3","statementMap":{"0":{"start":{"line":1,"column":0},"end":{"line":1,"column":19}}},"fnMap":{},"branchMap":{},"s":{"0":2},"f":{},"b":{},"_coverageSchema":"1a1c01bbd47fc00a2c39e90264f33305004495a9","hash":"6444d8331d6b9364304dd6448940abfa2f1361a1"}
,"/Users/jonathanfreed/Documents/Development/english-minimal-pairs/assets/audio/right.mp3": {"path":"/Users/jonathanfreed/Documents/Development/english-minimal-pairs/assets/audio/right.mp3","statementMap":{"0":{"start":{"line":1,"column":0},"end":{"line":1,"column":19}}},"fnMap":{},"branchMap":{},"s":{"0":2},"f":{},"b":{},"_coverageSchema":"1a1c01bbd47fc00a2c39e90264f33305004495a9","hash":"9fe449168abaebf3e420718881b455caa158375d"}
,"/Users/jonathanfreed/Documents/Development/english-minimal-pairs/assets/audio/road.mp3": {"path":"/Users/jonathanfreed/Documents/Development/english-minimal-pairs/assets/audio/road.mp3","statementMap":{"0":{"start":{"line":1,"column":0},"end":{"line":1,"column":19}}},"fnMap":{},"branchMap":{},"s":{"0":2},"f":{},"b":{},"_coverageSchema":"1a1c01bbd47fc00a2c39e90264f33305004495a9","hash":"04622783599c1b07a005abaa0ef8777cd821b43a"}
,"/Users/jonathanfreed/Documents/Development/english-minimal-pairs/assets/audio/seal.mp3": {"path":"/Users/jonathanfreed/Documents/Development/english-minimal-pairs/assets/audio/seal.mp3","statementMap":{"0":{"start":{"line":1,"column":0},"end":{"line":1,"column":19}}},"fnMap":{},"branchMap":{},"s":{"0":2},"f":{},"b":{},"_coverageSchema":"1a1c01bbd47fc00a2c39e90264f33305004495a9","hash":"59392dc0fe98c9eef8dac3aca063cb1530af5f5f"}
,"/Users/jonathanfreed/Documents/Development/english-minimal-pairs/assets/audio/seat.mp3": {"path":"/Users/jonathanfreed/Documents/Development/english-minimal-pairs/assets/audio/seat.mp3","statementMap":{"0":{"start":{"line":1,"column":0},"end":{"line":1,"column":19}}},"fnMap":{},"branchMap":{},"s":{"0":2},"f":{},"b":{},"_coverageSchema":"1a1c01bbd47fc00a2c39e90264f33305004495a9","hash":"1c0278c62d54626e299e8f2a756aa4f6790a849f"}
,"/Users/jonathanfreed/Documents/Development/english-minimal-pairs/assets/audio/sheep.mp3": {"path":"/Users/jonathanfreed/Documents/Development/english-minimal-pairs/assets/audio/sheep.mp3","statementMap":{"0":{"start":{"line":1,"column":0},"end":{"line":1,"column":19}}},"fnMap":{},"branchMap":{},"s":{"0":2},"f":{},"b":{},"_coverageSchema":"1a1c01bbd47fc00a2c39e90264f33305004495a9","hash":"93669c6790ccb656219823773cf2be2c73ed290b"}
,"/Users/jonathanfreed/Documents/Development/english-minimal-pairs/assets/audio/sheet.mp3": {"path":"/Users/jonathanfreed/Documents/Development/english-minimal-pairs/assets/audio/sheet.mp3","statementMap":{"0":{"start":{"line":1,"column":0},"end":{"line":1,"column":19}}},"fnMap":{},"branchMap":{},"s":{"0":2},"f":{},"b":{},"_coverageSchema":"1a1c01bbd47fc00a2c39e90264f33305004495a9","hash":"fe9daa1b03c9cd7085a5be3c6bb11b495c19aca3"}
,"/Users/jonathanfreed/Documents/Development/english-minimal-pairs/assets/audio/ship.mp3": {"path":"/Users/jonathanfreed/Documents/Development/english-minimal-pairs/assets/audio/ship.mp3","statementMap":{"0":{"start":{"line":1,"column":0},"end":{"line":1,"column":19}}},"fnMap":{},"branchMap":{},"s":{"0":2},"f":{},"b":{},"_coverageSchema":"1a1c01bbd47fc00a2c39e90264f33305004495a9","hash":"b4765c6a07dc90aecb5f6e31871cc12a69d036a3"}
,"/Users/jonathanfreed/Documents/Development/english-minimal-pairs/assets/audio/sin.mp3": {"path":"/Users/jonathanfreed/Documents/Development/english-minimal-pairs/assets/audio/sin.mp3","statementMap":{"0":{"start":{"line":1,"column":0},"end":{"line":1,"column":19}}},"fnMap":{},"branchMap":{},"s":{"0":2},"f":{},"b":{},"_coverageSchema":"1a1c01bbd47fc00a2c39e90264f33305004495a9","hash":"e771aa4d88353af9f2c8383321e5b7cfef8aca44"}
,"/Users/jonathanfreed/Documents/Development/english-minimal-pairs/assets/audio/sing.mp3": {"path":"/Users/jonathanfreed/Documents/Development/english-minimal-pairs/assets/audio/sing.mp3","statementMap":{"0":{"start":{"line":1,"column":0},"end":{"line":1,"column":19}}},"fnMap":{},"branchMap":{},"s":{"0":2},"f":{},"b":{},"_coverageSchema":"1a1c01bbd47fc00a2c39e90264f33305004495a9","hash":"08ee70819a45a50cc1faa7f075579dea46c08465"}
,"/Users/jonathanfreed/Documents/Development/english-minimal-pairs/assets/audio/sink.mp3": {"path":"/Users/jonathanfreed/Documents/Development/english-minimal-pairs/assets/audio/sink.mp3","statementMap":{"0":{"start":{"line":1,"column":0},"end":{"line":1,"column":19}}},"fnMap":{},"branchMap":{},"s":{"0":2},"f":{},"b":{},"_coverageSchema":"1a1c01bbd47fc00a2c39e90264f33305004495a9","hash":"25f3f89f6ecc979584d205682d7c03e8efe35428"}
,"/Users/jonathanfreed/Documents/Development/english-minimal-pairs/assets/audio/sip.mp3": {"path":"/Users/jonathanfreed/Documents/Development/english-minimal-pairs/assets/audio/sip.mp3","statementMap":{"0":{"start":{"line":1,"column":0},"end":{"line":1,"column":19}}},"fnMap":{},"branchMap":{},"s":{"0":2},"f":{},"b":{},"_coverageSchema":"1a1c01bbd47fc00a2c39e90264f33305004495a9","hash":"05b53c8656169e7e9a6b3221b1a5226c714bd51d"}
,"/Users/jonathanfreed/Documents/Development/english-minimal-pairs/assets/audio/then.mp3": {"path":"/Users/jonathanfreed/Documents/Development/english-minimal-pairs/assets/audio/then.mp3","statementMap":{"0":{"start":{"line":1,"column":0},"end":{"line":1,"column":19}}},"fnMap":{},"branchMap":{},"s":{"0":2},"f":{},"b":{},"_coverageSchema":"1a1c01bbd47fc00a2c39e90264f33305004495a9","hash":"03bc01acb29b2079d219bd7551f5da0b6f50e472"}
,"/Users/jonathanfreed/Documents/Development/english-minimal-pairs/assets/audio/thin.mp3": {"path":"/Users/jonathanfreed/Documents/Development/english-minimal-pairs/assets/audio/thin.mp3","statementMap":{"0":{"start":{"line":1,"column":0},"end":{"line":1,"column":19}}},"fnMap":{},"branchMap":{},"s":{"0":2},"f":{},"b":{},"_coverageSchema":"1a1c01bbd47fc00a2c39e90264f33305004495a9","hash":"49923c3cb5b0f8af24d04f9f75663a41ef79f622"}
,"/Users/jonathanfreed/Documents/Development/english-minimal-pairs/assets/audio/think.mp3": {"path":"/Users/jonathanfreed/Documents/Development/english-minimal-pairs/assets/audio/think.mp3","statementMap":{"0":{"start":{"line":1,"column":0},"end":{"line":1,"column":19}}},"fnMap":{},"branchMap":{},"s":{"0":2},"f":{},"b":{},"_coverageSchema":"1a1c01bbd47fc00a2c39e90264f33305004495a9","hash":"12245dd66d93108172351e8df075fe99ca54f27f"}
,"/Users/jonathanfreed/Documents/Development/english-minimal-pairs/assets/audio/tin.mp3": {"path":"/Users/jonathanfreed/Documents/Development/english-minimal-pairs/assets/audio/tin.mp3","statementMap":{"0":{"start":{"line":1,"column":0},"end":{"line":1,"column":19}}},"fnMap":{},"branchMap":{},"s":{"0":2},"f":{},"b":{},"_coverageSchema":"1a1c01bbd47fc00a2c39e90264f33305004495a9","hash":"06a7115a8e7ed8b7ded2ecaee042840871245e38"}
,"/Users/jonathanfreed/Documents/Development/english-minimal-pairs/assets/audio/vain.mp3": {"path":"/Users/jonathanfreed/Documents/Development/english-minimal-pairs/assets/audio/vain.mp3","statementMap":{"0":{"start":{"line":1,"column":0},"end":{"line":1,"column":19}}},"fnMap":{},"branchMap":{},"s":{"0":2},"f":{},"b":{},"_coverageSchema":"1a1c01bbd47fc00a2c39e90264f33305004495a9","hash":"7a7dd5e402e23938576d22e1cf16728324db7011"}
,"/Users/jonathanfreed/Documents/Development/english-minimal-pairs/assets/audio/van.mp3": {"path":"/Users/jonathanfreed/Documents/Development/english-minimal-pairs/assets/audio/van.mp3","statementMap":{"0":{"start":{"line":1,"column":0},"end":{"line":1,"column":19}}},"fnMap":{},"branchMap":{},"s":{"0":2},"f":{},"b":{},"_coverageSchema":"1a1c01bbd47fc00a2c39e90264f33305004495a9","hash":"d2b0bdbed33e7c16a00cee22bb2543d0ee33244b"}
,"/Users/jonathanfreed/Documents/Development/english-minimal-pairs/assets/audio/vest.mp3": {"path":"/Users/jonathanfreed/Documents/Development/english-minimal-pairs/assets/audio/vest.mp3","statementMap":{"0":{"start":{"line":1,"column":0},"end":{"line":1,"column":19}}},"fnMap":{},"branchMap":{},"s":{"0":2},"f":{},"b":{},"_coverageSchema":"1a1c01bbd47fc00a2c39e90264f33305004495a9","hash":"e6be9d52d13c1b8dccc52aab139806c277141685"}
,"/Users/jonathanfreed/Documents/Development/english-minimal-pairs/assets/audio/vine.mp3": {"path":"/Users/jonathanfreed/Documents/Development/english-minimal-pairs/assets/audio/vine.mp3","statementMap":{"0":{"start":{"line":1,"column":0},"end":{"line":1,"column":19}}},"fnMap":{},"branchMap":{},"s":{"0":2},"f":{},"b":{},"_coverageSchema":"1a1c01bbd47fc00a2c39e90264f33305004495a9","hash":"7505a6261ad3fbb3da933bbb7de49110a9bcd5d6"}
,"/Users/jonathanfreed/Documents/Development/english-minimal-pairs/assets/audio/vow.mp3": {"path":"/Users/jonathanfreed/Documents/Development/english-minimal-pairs/assets/audio/vow.mp3","statementMap":{"0":{"start":{"line":1,"column":0},"end":{"line":1,"column":19}}},"fnMap":{},"branchMap":{},"s":{"0":2},"f":{},"b":{},"_coverageSchema":"1a1c01bbd47fc00a2c39e90264f33305004495a9","hash":"4fee92780f098077cee4b921c4549f205591d428"}
,"/Users/jonathanfreed/Documents/Development/english-minimal-pairs/assets/audio/west.mp3": {"path":"/Users/jonathanfreed/Documents/Development/english-minimal-pairs/assets/audio/west.mp3","statementMap":{"0":{"start":{"line":1,"column":0},"end":{"line":1,"column":19}}},"fnMap":{},"branchMap":{},"s":{"0":2},"f":{},"b":{},"_coverageSchema":"1a1c01bbd47fc00a2c39e90264f33305004495a9","hash":"9a9ff168cde99cac2ac7f2e4d5dd9d2da792ff55"}
,"/Users/jonathanfreed/Documents/Development/english-minimal-pairs/assets/audio/wine.mp3": {"path":"/Users/jonathanfreed/Documents/Development/english-minimal-pairs/assets/audio/wine.mp3","statementMap":{"0":{"start":{"line":1,"column":0},"end":{"line":1,"column":19}}},"fnMap":{},"branchMap":{},"s":{"0":2},"f":{},"b":{},"_coverageSchema":"1a1c01bbd47fc00a2c39e90264f33305004495a9","hash":"7ae7df8bd81ad684d1e98ee40a5b9edd67f513e7"}
,"/Users/jonathanfreed/Documents/Development/english-minimal-pairs/assets/audio/zeal.mp3": {"path":"/Users/jonathanfreed/Documents/Development/english-minimal-pairs/assets/audio/zeal.mp3","statementMap":{"0":{"start":{"line":1,"column":0},"end":{"line":1,"column":19}}},"fnMap":{},"branchMap":{},"s":{"0":2},"f":{},"b":{},"_coverageSchema":"1a1c01bbd47fc00a2c39e90264f33305004495a9","hash":"f58bd7da5e3819ef8dcc871e20ef5c8c9bd59042"}
,"/Users/jonathanfreed/Documents/Development/english-minimal-pairs/assets/audio/zham.mp3": {"path":"/Users/jonathanfreed/Documents/Development/english-minimal-pairs/assets/audio/zham.mp3","statementMap":{"0":{"start":{"line":1,"column":0},"end":{"line":1,"column":19}}},"fnMap":{},"branchMap":{},"s":{"0":2},"f":{},"b":{},"_coverageSchema":"1a1c01bbd47fc00a2c39e90264f33305004495a9","hash":"2c4f2ad314dd9349507e39c51e92ad1eb09fdff1"}
,"/Users/jonathanfreed/Documents/Development/english-minimal-pairs/assets/audio/zip.mp3": {"path":"/Users/jonathanfreed/Documents/Development/english-minimal-pairs/assets/audio/zip.mp3","statementMap":{"0":{"start":{"line":1,"column":0},"end":{"line":1,"column":19}}},"fnMap":{},"branchMap":{},"s":{"0":2},"f":{},"b":{},"_coverageSchema":"1a1c01bbd47fc00a2c39e90264f33305004495a9","hash":"6febd8493e67cc0d9776d4a9f1576a3da62cb070"}
,"/Users/jonathanfreed/Documents/Development/english-minimal-pairs/components/ThemedText.tsx": {"path":"/Users/jonathanfreed/Documents/Development/english-minimal-pairs/components/ThemedText.tsx","statementMap":{"0":{"start":{"line":18,"column":16},"end":{"line":18,"column":77}},"1":{"start":{"line":20,"column":2},"end":{"line":33,"column":4}},"2":{"start":{"line":36,"column":15},"end":{"line":60,"column":2}}},"fnMap":{"0":{"name":"ThemedText","decl":{"start":{"line":11,"column":16},"end":{"line":11,"column":26}},"loc":{"start":{"line":17,"column":20},"end":{"line":34,"column":1}},"line":17}},"branchMap":{"0":{"loc":{"start":{"line":15,"column":2},"end":{"line":15,"column":18}},"type":"default-arg","locations":[{"start":{"line":15,"column":9},"end":{"line":15,"column":18}}],"line":15},"1":{"loc":{"start":{"line":24,"column":8},"end":{"line":24,"column":55}},"type":"cond-expr","locations":[{"start":{"line":24,"column":29},"end":{"line":24,"column":43}},{"start":{"line":24,"column":46},"end":{"line":24,"column":55}}],"line":24},"2":{"loc":{"start":{"line":25,"column":8},"end":{"line":25,"column":51}},"type":"cond-expr","locations":[{"start":{"line":25,"column":27},"end":{"line":25,"column":39}},{"start":{"line":25,"column":42},"end":{"line":25,"column":51}}],"line":25},"3":{"loc":{"start":{"line":26,"column":8},"end":{"line":26,"column":71}},"type":"cond-expr","locations":[{"start":{"line":26,"column":37},"end":{"line":26,"column":59}},{"start":{"line":26,"column":62},"end":{"line":26,"column":71}}],"line":26},"4":{"loc":{"start":{"line":27,"column":8},"end":{"line":27,"column":57}},"type":"cond-expr","locations":[{"start":{"line":27,"column":30},"end":{"line":27,"column":45}},{"start":{"line":27,"column":48},"end":{"line":27,"column":57}}],"line":27},"5":{"loc":{"start":{"line":28,"column":8},"end":{"line":28,"column":49}},"type":"cond-expr","locations":[{"start":{"line":28,"column":26},"end":{"line":28,"column":37}},{"start":{"line":28,"column":40},"end":{"line":28,"column":49}}],"line":28}},"s":{"0":1,"1":1,"2":1},"f":{"0":1},"b":{"0":[1],"1":[1,0],"2":[0,1],"3":[0,1],"4":[0,1],"5":[0,1]},"_coverageSchema":"1a1c01bbd47fc00a2c39e90264f33305004495a9","hash":"cfe99c0d30aa6f1a0899330cc1e1b45d2fd22964"}
,"/Users/jonathanfreed/Documents/Development/english-minimal-pairs/components/TimePracticedBar.tsx": {"path":"/Users/jonathanfreed/Documents/Development/english-minimal-pairs/components/TimePracticedBar.tsx","statementMap":{"0":{"start":{"line":13,"column":16},"end":{"line":13,"column":35}},"1":{"start":{"line":14,"column":19},"end":{"line":14,"column":46}},"2":{"start":{"line":16,"column":2},"end":{"line":25,"column":4}},"3":{"start":{"line":28,"column":15},"end":{"line":51,"column":2}}},"fnMap":{"0":{"name":"TimePracticedBar","decl":{"start":{"line":12,"column":24},"end":{"line":12,"column":40}},"loc":{"start":{"line":12,"column":72},"end":{"line":26,"column":1}},"line":12}},"branchMap":{"0":{"loc":{"start":{"line":12,"column":52},"end":{"line":12,"column":61}},"type":"default-arg","locations":[{"start":{"line":12,"column":59},"end":{"line":12,"column":61}}],"line":12}},"s":{"0":0,"1":0,"2":0,"3":1},"f":{"0":0},"b":{"0":[0]},"_coverageSchema":"1a1c01bbd47fc00a2c39e90264f33305004495a9","hash":"826115df33ad5c07b3d17572e18a2a7ed50084ea"}
,"/Users/jonathanfreed/Documents/Development/english-minimal-pairs/constants/Colors.ts": {"path":"/Users/jonathanfreed/Documents/Development/english-minimal-pairs/constants/Colors.ts","statementMap":{"0":{"start":{"line":1,"column":22},"end":{"line":22,"column":1}}},"fnMap":{},"branchMap":{},"s":{"0":4},"f":{},"b":{},"_coverageSchema":"1a1c01bbd47fc00a2c39e90264f33305004495a9","hash":"790091a269c6a982a09f3cbcb821f54b74f080f1"}
,"/Users/jonathanfreed/Documents/Development/english-minimal-pairs/constants/alternateLanguages.ts": {"path":"/Users/jonathanfreed/Documents/Development/english-minimal-pairs/constants/alternateLanguages.ts","statementMap":{"0":{"start":{"line":16,"column":72},"end":{"line":324,"column":1}}},"fnMap":{},"branchMap":{},"s":{"0":3},"f":{},"b":{},"_coverageSchema":"1a1c01bbd47fc00a2c39e90264f33305004495a9","hash":"38952ebda4dba7d1af2d4e27c8b7a05159774394"}
,"/Users/jonathanfreed/Documents/Development/english-minimal-pairs/constants/minimalPairs.ts": {"path":"/Users/jonathanfreed/Documents/Development/english-minimal-pairs/constants/minimalPairs.ts","statementMap":{"0":{"start":{"line":1,"column":28},"end":{"line":504,"column":1}}},"fnMap":{},"branchMap":{},"s":{"0":2},"f":{},"b":{},"_coverageSchema":"1a1c01bbd47fc00a2c39e90264f33305004495a9","hash":"9ea8694ad51fd0c14acd27719b181e7d78a5fa41"}
,"/Users/jonathanfreed/Documents/Development/english-minimal-pairs/constants/styles.ts": {"path":"/Users/jonathanfreed/Documents/Development/english-minimal-pairs/constants/styles.ts","statementMap":{"0":{"start":{"line":19,"column":21},"end":{"line":210,"column":4}},"1":{"start":{"line":20,"column":2},"end":{"line":210,"column":4}}},"fnMap":{"0":{"name":"(anonymous_0)","decl":{"start":{"line":19,"column":21},"end":{"line":19,"column":22}},"loc":{"start":{"line":20,"column":2},"end":{"line":210,"column":4}},"line":20}},"branchMap":{"0":{"loc":{"start":{"line":91,"column":19},"end":{"line":91,"column":47}},"type":"binary-expr","locations":[{"start":{"line":91,"column":19},"end":{"line":91,"column":37}},{"start":{"line":91,"column":41},"end":{"line":91,"column":47}}],"line":91}},"s":{"0":3,"1":22},"f":{"0":22},"b":{"0":[22,22]},"_coverageSchema":"1a1c01bbd47fc00a2c39e90264f33305004495a9","hash":"a933e17359911e2d28a341a00330ef9b58d3cd49"}
,"/Users/jonathanfreed/Documents/Development/english-minimal-pairs/hooks/useColorScheme.ts": {"path":"/Users/jonathanfreed/Documents/Development/english-minimal-pairs/hooks/useColorScheme.ts","statementMap":{},"fnMap":{},"branchMap":{},"s":{},"f":{},"b":{},"_coverageSchema":"1a1c01bbd47fc00a2c39e90264f33305004495a9","hash":"905f953244fd62aa87bab37bbef1b1e63392a16f"}
,"/Users/jonathanfreed/Documents/Development/english-minimal-pairs/hooks/useLanguageScheme.tsx": {"path":"/Users/jonathanfreed/Documents/Development/english-minimal-pairs/hooks/useLanguageScheme.tsx","statementMap":{"0":{"start":{"line":14,"column":30},"end":{"line":16,"column":12}},"1":{"start":{"line":18,"column":38},"end":{"line":38,"column":1}},"2":{"start":{"line":23,"column":26},"end":{"line":23,"column":60}},"3":{"start":{"line":24,"column":34},"end":{"line":24,"column":59}},"4":{"start":{"line":25,"column":44},"end":{"line":25,"column":55}},"5":{"start":{"line":27,"column":12},"end":{"line":29,"column":3}},"6":{"start":{"line":28,"column":4},"end":{"line":28,"column":54}},"7":{"start":{"line":31,"column":2},"end":{"line":37,"column":4}},"8":{"start":{"line":40,"column":33},"end":{"line":48,"column":1}},"9":{"start":{"line":41,"column":18},"end":{"line":41,"column":51}},"10":{"start":{"line":42,"column":2},"end":{"line":46,"column":3}},"11":{"start":{"line":43,"column":4},"end":{"line":45,"column":6}},"12":{"start":{"line":47,"column":2},"end":{"line":47,"column":17}}},"fnMap":{"0":{"name":"(anonymous_0)","decl":{"start":{"line":18,"column":38},"end":{"line":18,"column":39}},"loc":{"start":{"line":22,"column":6},"end":{"line":38,"column":1}},"line":22},"1":{"name":"(anonymous_1)","decl":{"start":{"line":27,"column":12},"end":{"line":27,"column":13}},"loc":{"start":{"line":27,"column":29},"end":{"line":29,"column":3}},"line":27},"2":{"name":"(anonymous_2)","decl":{"start":{"line":40,"column":33},"end":{"line":40,"column":34}},"loc":{"start":{"line":40,"column":39},"end":{"line":48,"column":1}},"line":40}},"branchMap":{"0":{"loc":{"start":{"line":28,"column":11},"end":{"line":28,"column":53}},"type":"binary-expr","locations":[{"start":{"line":28,"column":11},"end":{"line":28,"column":46}},{"start":{"line":28,"column":50},"end":{"line":28,"column":53}}],"line":28},"1":{"loc":{"start":{"line":42,"column":2},"end":{"line":46,"column":3}},"type":"if","locations":[{"start":{"line":42,"column":2},"end":{"line":46,"column":3}},{"start":{},"end":{}}],"line":42}},"s":{"0":3,"1":3,"2":7,"3":7,"4":7,"5":7,"6":39,"7":7,"8":3,"9":22,"10":22,"11":0,"12":22},"f":{"0":7,"1":39,"2":22},"b":{"0":[39,0],"1":[0,22]},"_coverageSchema":"1a1c01bbd47fc00a2c39e90264f33305004495a9","hash":"7af01b6f4f843bed56128f48f2988794d869c688"}
,"/Users/jonathanfreed/Documents/Development/english-minimal-pairs/hooks/useThemeColor.ts": {"path":"/Users/jonathanfreed/Documents/Development/english-minimal-pairs/hooks/useThemeColor.ts","statementMap":{"0":{"start":{"line":13,"column":2},"end":{"line":24,"column":4}},"1":{"start":{"line":14,"column":18},"end":{"line":14,"column":45}},"2":{"start":{"line":16,"column":27},"end":{"line":16,"column":39}},"3":{"start":{"line":18,"column":4},"end":{"line":20,"column":5}},"4":{"start":{"line":19,"column":6},"end":{"line":19,"column":28}},"5":{"start":{"line":22,"column":24},"end":{"line":22,"column":53}},"6":{"start":{"line":23,"column":4},"end":{"line":23,"column":44}}},"fnMap":{"0":{"name":"useThemeColor","decl":{"start":{"line":9,"column":16},"end":{"line":9,"column":29}},"loc":{"start":{"line":12,"column":2},"end":{"line":25,"column":1}},"line":12},"1":{"name":"getThemeColor","decl":{"start":{"line":13,"column":18},"end":{"line":13,"column":31}},"loc":{"start":{"line":13,"column":34},"end":{"line":24,"column":3}},"line":13}},"branchMap":{"0":{"loc":{"start":{"line":14,"column":18},"end":{"line":14,"column":45}},"type":"binary-expr","locations":[{"start":{"line":14,"column":18},"end":{"line":14,"column":34}},{"start":{"line":14,"column":38},"end":{"line":14,"column":45}}],"line":14},"1":{"loc":{"start":{"line":18,"column":4},"end":{"line":20,"column":5}},"type":"if","locations":[{"start":{"line":18,"column":4},"end":{"line":20,"column":5}},{"start":{},"end":{}}],"line":18},"2":{"loc":{"start":{"line":22,"column":24},"end":{"line":22,"column":53}},"type":"binary-expr","locations":[{"start":{"line":22,"column":24},"end":{"line":22,"column":37}},{"start":{"line":22,"column":41},"end":{"line":22,"column":53}}],"line":22},"3":{"loc":{"start":{"line":23,"column":11},"end":{"line":23,"column":43}},"type":"binary-expr","locations":[{"start":{"line":23,"column":11},"end":{"line":23,"column":33}},{"start":{"line":23,"column":37},"end":{"line":23,"column":43}}],"line":23}},"s":{"0":133,"1":132,"2":132,"3":132,"4":0,"5":132,"6":132},"f":{"0":133,"1":132},"b":{"0":[132,0],"1":[0,132],"2":[132,0],"3":[132,0]},"_coverageSchema":"1a1c01bbd47fc00a2c39e90264f33305004495a9","hash":"13937e79eafd525ead02632f1e8120d4e9b99b1c"}
,"/Users/jonathanfreed/Documents/Development/english-minimal-pairs/src/context/PairProgressContext.tsx": {"path":"/Users/jonathanfreed/Documents/Development/english-minimal-pairs/src/context/PairProgressContext.tsx","statementMap":{"0":{"start":{"line":9,"column":15},"end":{"line":9,"column":46}},"1":{"start":{"line":10,"column":17},"end":{"line":12,"column":28}},"2":{"start":{"line":12,"column":24},"end":{"line":12,"column":28}},"3":{"start":{"line":14,"column":28},"end":{"line":20,"column":2}},"4":{"start":{"line":22,"column":36},"end":{"line":48,"column":1}},"5":{"start":{"line":27,"column":34},"end":{"line":27,"column":73}},"6":{"start":{"line":29,"column":2},"end":{"line":35,"column":9}},"7":{"start":{"line":30,"column":25},"end":{"line":33,"column":5}},"8":{"start":{"line":31,"column":29},"end":{"line":31,"column":48}},"9":{"start":{"line":32,"column":6},"end":{"line":32,"column":50}},"10":{"start":{"line":32,"column":21},"end":{"line":32,"column":48}},"11":{"start":{"line":34,"column":4},"end":{"line":34,"column":19}},"12":{"start":{"line":37,"column":24},"end":{"line":41,"column":3}},"13":{"start":{"line":38,"column":4},"end":{"line":38,"column":41}},"14":{"start":{"line":39,"column":28},"end":{"line":39,"column":47}},"15":{"start":{"line":40,"column":4},"end":{"line":40,"column":49}},"16":{"start":{"line":40,"column":19},"end":{"line":40,"column":47}},"17":{"start":{"line":43,"column":2},"end":{"line":47,"column":4}},"18":{"start":{"line":50,"column":31},"end":{"line":50,"column":68}},"19":{"start":{"line":50,"column":37},"end":{"line":50,"column":68}}},"fnMap":{"0":{"name":"(anonymous_0)","decl":{"start":{"line":12,"column":4},"end":{"line":12,"column":5}},"loc":{"start":{"line":12,"column":24},"end":{"line":12,"column":28}},"line":12},"1":{"name":"(anonymous_1)","decl":{"start":{"line":19,"column":17},"end":{"line":19,"column":18}},"loc":{"start":{"line":19,"column":23},"end":{"line":19,"column":25}},"line":19},"2":{"name":"(anonymous_2)","decl":{"start":{"line":22,"column":36},"end":{"line":22,"column":37}},"loc":{"start":{"line":26,"column":6},"end":{"line":48,"column":1}},"line":26},"3":{"name":"(anonymous_3)","decl":{"start":{"line":29,"column":12},"end":{"line":29,"column":13}},"loc":{"start":{"line":29,"column":18},"end":{"line":35,"column":3}},"line":29},"4":{"name":"(anonymous_4)","decl":{"start":{"line":30,"column":25},"end":{"line":30,"column":26}},"loc":{"start":{"line":30,"column":37},"end":{"line":33,"column":5}},"line":30},"5":{"name":"(anonymous_5)","decl":{"start":{"line":32,"column":15},"end":{"line":32,"column":16}},"loc":{"start":{"line":32,"column":21},"end":{"line":32,"column":48}},"line":32},"6":{"name":"(anonymous_6)","decl":{"start":{"line":37,"column":24},"end":{"line":37,"column":25}},"loc":{"start":{"line":37,"column":70},"end":{"line":41,"column":3}},"line":37},"7":{"name":"(anonymous_7)","decl":{"start":{"line":40,"column":13},"end":{"line":40,"column":14}},"loc":{"start":{"line":40,"column":19},"end":{"line":40,"column":47}},"line":40},"8":{"name":"(anonymous_8)","decl":{"start":{"line":50,"column":31},"end":{"line":50,"column":32}},"loc":{"start":{"line":50,"column":37},"end":{"line":50,"column":68}},"line":50}},"branchMap":{"0":{"loc":{"start":{"line":10,"column":17},"end":{"line":12,"column":28}},"type":"cond-expr","locations":[{"start":{"line":11,"column":4},"end":{"line":11,"column":38}},{"start":{"line":12,"column":4},"end":{"line":12,"column":28}}],"line":10}},"s":{"0":3,"1":3,"2":0,"3":3,"4":3,"5":15,"6":15,"7":6,"8":6,"9":6,"10":6,"11":6,"12":15,"13":3,"14":3,"15":3,"16":3,"17":15,"18":3,"19":22},"f":{"0":0,"1":0,"2":15,"3":6,"4":6,"5":6,"6":3,"7":3,"8":22},"b":{"0":[3,0]},"_coverageSchema":"1a1c01bbd47fc00a2c39e90264f33305004495a9","hash":"7293d57b6a8eb43bac6bd6d461d0dfe9ca326246"}
,"/Users/jonathanfreed/Documents/Development/english-minimal-pairs/src/storage/progressStorage.ts": {"path":"/Users/jonathanfreed/Documents/Development/english-minimal-pairs/src/storage/progressStorage.ts","statementMap":{"0":{"start":{"line":5,"column":21},"end":{"line":5,"column":36}},"1":{"start":{"line":16,"column":27},"end":{"line":42,"column":1}},"2":{"start":{"line":20,"column":2},"end":{"line":41,"column":3}},"3":{"start":{"line":21,"column":24},"end":{"line":21,"column":64}},"4":{"start":{"line":22,"column":46},"end":{"line":24,"column":10}},"5":{"start":{"line":26,"column":36},"end":{"line":29,"column":5}},"6":{"start":{"line":31,"column":32},"end":{"line":31,"column":62}},"7":{"start":{"line":32,"column":4},"end":{"line":32,"column":41}},"8":{"start":{"line":34,"column":4},"end":{"line":36,"column":6}},"9":{"start":{"line":38,"column":4},"end":{"line":38,"column":69}},"10":{"start":{"line":40,"column":4},"end":{"line":40,"column":45}},"11":{"start":{"line":44,"column":27},"end":{"line":52,"column":1}},"12":{"start":{"line":45,"column":2},"end":{"line":51,"column":3}},"13":{"start":{"line":46,"column":26},"end":{"line":46,"column":66}},"14":{"start":{"line":47,"column":4},"end":{"line":47,"column":66}},"15":{"start":{"line":49,"column":4},"end":{"line":49,"column":47}},"16":{"start":{"line":50,"column":4},"end":{"line":50,"column":14}},"17":{"start":{"line":54,"column":35},"end":{"line":72,"column":1}},"18":{"start":{"line":58,"column":14},"end":{"line":58,"column":24}},"19":{"start":{"line":59,"column":20},"end":{"line":59,"column":63}},"20":{"start":{"line":61,"column":24},"end":{"line":61,"column":25}},"21":{"start":{"line":62,"column":20},"end":{"line":62,"column":21}},"22":{"start":{"line":64,"column":2},"end":{"line":69,"column":5}},"23":{"start":{"line":65,"column":16},"end":{"line":65,"column":31}},"24":{"start":{"line":66,"column":19},"end":{"line":66,"column":45}},"25":{"start":{"line":67,"column":4},"end":{"line":67,"column":26}},"26":{"start":{"line":68,"column":4},"end":{"line":68,"column":45}},"27":{"start":{"line":68,"column":19},"end":{"line":68,"column":45}},"28":{"start":{"line":71,"column":2},"end":{"line":71,"column":57}},"29":{"start":{"line":74,"column":42},"end":{"line":94,"column":1}},"30":{"start":{"line":78,"column":2},"end":{"line":78,"column":36}},"31":{"start":{"line":78,"column":27},"end":{"line":78,"column":36}},"32":{"start":{"line":80,"column":17},"end":{"line":80,"column":72}},"33":{"start":{"line":80,"column":46},"end":{"line":80,"column":71}},"34":{"start":{"line":81,"column":14},"end":{"line":81,"column":15}},"35":{"start":{"line":82,"column":21},"end":{"line":82,"column":40}},"36":{"start":{"line":84,"column":2},"end":{"line":90,"column":3}},"37":{"start":{"line":84,"column":15},"end":{"line":84,"column":16}},"38":{"start":{"line":85,"column":16},"end":{"line":85,"column":61}},"39":{"start":{"line":86,"column":4},"end":{"line":89,"column":5}},"40":{"start":{"line":87,"column":6},"end":{"line":87,"column":54}},"41":{"start":{"line":88,"column":6},"end":{"line":88,"column":41}},"42":{"start":{"line":92,"column":2},"end":{"line":92,"column":62}},"43":{"start":{"line":93,"column":2},"end":{"line":93,"column":15}},"44":{"start":{"line":96,"column":42},"end":{"line":161,"column":1}},"45":{"start":{"line":100,"column":2},"end":{"line":100,"column":39}},"46":{"start":{"line":100,"column":29},"end":{"line":100,"column":39}},"47":{"start":{"line":102,"column":17},"end":{"line":102,"column":72}},"48":{"start":{"line":102,"column":46},"end":{"line":102,"column":71}},"49":{"start":{"line":103,"column":21},"end":{"line":103,"column":40}},"50":{"start":{"line":104,"column":23},"end":{"line":104,"column":24}},"51":{"start":{"line":105,"column":39},"end":{"line":105,"column":41}},"52":{"start":{"line":106,"column":17},"end":{"line":106,"column":19}},"53":{"start":{"line":108,"column":2},"end":{"line":139,"column":3}},"54":{"start":{"line":108,"column":15},"end":{"line":108,"column":16}},"55":{"start":{"line":109,"column":20},"end":{"line":109,"column":29}},"56":{"start":{"line":110,"column":17},"end":{"line":110,"column":30}},"57":{"start":{"line":112,"column":6},"end":{"line":112,"column":64}},"58":{"start":{"line":114,"column":4},"end":{"line":136,"column":5}},"59":{"start":{"line":115,"column":25},"end":{"line":115,"column":39}},"60":{"start":{"line":116,"column":30},"end":{"line":116,"column":55}},"61":{"start":{"line":117,"column":6},"end":{"line":117,"column":40}},"62":{"start":{"line":119,"column":22},"end":{"line":119,"column":71}},"63":{"start":{"line":119,"column":52},"end":{"line":119,"column":63}},"64":{"start":{"line":120,"column":23},"end":{"line":122,"column":11}},"65":{"start":{"line":123,"column":24},"end":{"line":126,"column":8}},"66":{"start":{"line":128,"column":6},"end":{"line":132,"column":9}},"67":{"start":{"line":134,"column":6},"end":{"line":134,"column":39}},"68":{"start":{"line":135,"column":6},"end":{"line":135,"column":27}},"69":{"start":{"line":138,"column":4},"end":{"line":138,"column":34}},"70":{"start":{"line":142,"column":15},"end":{"line":142,"column":50}},"71":{"start":{"line":143,"column":30},"end":{"line":143,"column":49}},"72":{"start":{"line":144,"column":2},"end":{"line":144,"column":40}},"73":{"start":{"line":145,"column":18},"end":{"line":145,"column":67}},"74":{"start":{"line":145,"column":48},"end":{"line":145,"column":59}},"75":{"start":{"line":146,"column":19},"end":{"line":148,"column":7}},"76":{"start":{"line":149,"column":20},"end":{"line":152,"column":4}},"77":{"start":{"line":154,"column":2},"end":{"line":158,"column":5}},"78":{"start":{"line":160,"column":2},"end":{"line":160,"column":16}},"79":{"start":{"line":163,"column":29},"end":{"line":169,"column":1}},"80":{"start":{"line":164,"column":2},"end":{"line":168,"column":3}},"81":{"start":{"line":165,"column":4},"end":{"line":165,"column":48}},"82":{"start":{"line":167,"column":4},"end":{"line":167,"column":47}}},"fnMap":{"0":{"name":"(anonymous_0)","decl":{"start":{"line":16,"column":27},"end":{"line":16,"column":28}},"loc":{"start":{"line":19,"column":20},"end":{"line":42,"column":1}},"line":19},"1":{"name":"(anonymous_1)","decl":{"start":{"line":44,"column":27},"end":{"line":44,"column":28}},"loc":{"start":{"line":44,"column":75},"end":{"line":52,"column":1}},"line":44},"2":{"name":"(anonymous_2)","decl":{"start":{"line":54,"column":35},"end":{"line":54,"column":36}},"loc":{"start":{"line":57,"column":13},"end":{"line":72,"column":1}},"line":57},"3":{"name":"(anonymous_3)","decl":{"start":{"line":64,"column":19},"end":{"line":64,"column":20}},"loc":{"start":{"line":64,"column":62},"end":{"line":69,"column":3}},"line":64},"4":{"name":"(anonymous_4)","decl":{"start":{"line":74,"column":42},"end":{"line":74,"column":43}},"loc":{"start":{"line":77,"column":13},"end":{"line":94,"column":1}},"line":77},"5":{"name":"(anonymous_5)","decl":{"start":{"line":80,"column":36},"end":{"line":80,"column":37}},"loc":{"start":{"line":80,"column":46},"end":{"line":80,"column":71}},"line":80},"6":{"name":"(anonymous_6)","decl":{"start":{"line":96,"column":42},"end":{"line":96,"column":43}},"loc":{"start":{"line":99,"column":75},"end":{"line":161,"column":1}},"line":99},"7":{"name":"(anonymous_7)","decl":{"start":{"line":102,"column":36},"end":{"line":102,"column":37}},"loc":{"start":{"line":102,"column":46},"end":{"line":102,"column":71}},"line":102},"8":{"name":"(anonymous_8)","decl":{"start":{"line":119,"column":45},"end":{"line":119,"column":46}},"loc":{"start":{"line":119,"column":52},"end":{"line":119,"column":63}},"line":119},"9":{"name":"(anonymous_9)","decl":{"start":{"line":145,"column":41},"end":{"line":145,"column":42}},"loc":{"start":{"line":145,"column":48},"end":{"line":145,"column":59}},"line":145},"10":{"name":"(anonymous_10)","decl":{"start":{"line":163,"column":29},"end":{"line":163,"column":30}},"loc":{"start":{"line":163,"column":56},"end":{"line":169,"column":1}},"line":163}},"branchMap":{"0":{"loc":{"start":{"line":22,"column":46},"end":{"line":24,"column":10}},"type":"cond-expr","locations":[{"start":{"line":23,"column":8},"end":{"line":23,"column":31}},{"start":{"line":24,"column":8},"end":{"line":24,"column":10}}],"line":22},"1":{"loc":{"start":{"line":31,"column":32},"end":{"line":31,"column":62}},"type":"binary-expr","locations":[{"start":{"line":31,"column":32},"end":{"line":31,"column":56}},{"start":{"line":31,"column":60},"end":{"line":31,"column":62}}],"line":31},"2":{"loc":{"start":{"line":47,"column":11},"end":{"line":47,"column":65}},"type":"cond-expr","locations":[{"start":{"line":47,"column":35},"end":{"line":47,"column":60}},{"start":{"line":47,"column":63},"end":{"line":47,"column":65}}],"line":47},"3":{"loc":{"start":{"line":56,"column":2},"end":{"line":56,"column":30}},"type":"default-arg","locations":[{"start":{"line":56,"column":28},"end":{"line":56,"column":30}}],"line":56},"4":{"loc":{"start":{"line":68,"column":4},"end":{"line":68,"column":45}},"type":"if","locations":[{"start":{"line":68,"column":4},"end":{"line":68,"column":45}},{"start":{},"end":{}}],"line":68},"5":{"loc":{"start":{"line":71,"column":9},"end":{"line":71,"column":56}},"type":"cond-expr","locations":[{"start":{"line":71,"column":23},"end":{"line":71,"column":52}},{"start":{"line":71,"column":55},"end":{"line":71,"column":56}}],"line":71},"6":{"loc":{"start":{"line":76,"column":2},"end":{"line":76,"column":34}},"type":"default-arg","locations":[{"start":{"line":76,"column":21},"end":{"line":76,"column":34}}],"line":76},"7":{"loc":{"start":{"line":78,"column":2},"end":{"line":78,"column":36}},"type":"if","locations":[{"start":{"line":78,"column":2},"end":{"line":78,"column":36}},{"start":{},"end":{}}],"line":78},"8":{"loc":{"start":{"line":86,"column":4},"end":{"line":89,"column":5}},"type":"if","locations":[{"start":{"line":86,"column":4},"end":{"line":89,"column":5}},{"start":{},"end":{}}],"line":86},"9":{"loc":{"start":{"line":98,"column":2},"end":{"line":98,"column":38}},"type":"default-arg","locations":[{"start":{"line":98,"column":25},"end":{"line":98,"column":38}}],"line":98},"10":{"loc":{"start":{"line":100,"column":2},"end":{"line":100,"column":39}},"type":"if","locations":[{"start":{"line":100,"column":2},"end":{"line":100,"column":39}},{"start":{},"end":{}}],"line":100},"11":{"loc":{"start":{"line":112,"column":6},"end":{"line":112,"column":64}},"type":"binary-expr","locations":[{"start":{"line":112,"column":6},"end":{"line":112,"column":11}},{"start":{"line":112,"column":15},"end":{"line":112,"column":64}}],"line":112},"12":{"loc":{"start":{"line":114,"column":4},"end":{"line":136,"column":5}},"type":"if","locations":[{"start":{"line":114,"column":4},"end":{"line":136,"column":5}},{"start":{},"end":{}}],"line":114},"13":{"loc":{"start":{"line":120,"column":23},"end":{"line":122,"column":11}},"type":"cond-expr","locations":[{"start":{"line":121,"column":10},"end":{"line":121,"column":42}},{"start":{"line":122,"column":10},"end":{"line":122,"column":11}}],"line":120},"14":{"loc":{"start":{"line":146,"column":19},"end":{"line":148,"column":7}},"type":"cond-expr","locations":[{"start":{"line":147,"column":6},"end":{"line":147,"column":38}},{"start":{"line":148,"column":6},"end":{"line":148,"column":7}}],"line":146}},"s":{"0":3,"1":3,"2":3,"3":3,"4":3,"5":3,"6":3,"7":3,"8":3,"9":3,"10":0,"11":3,"12":9,"13":9,"14":9,"15":0,"16":0,"17":3,"18":6,"19":6,"20":6,"21":6,"22":6,"23":0,"24":0,"25":0,"26":0,"27":0,"28":6,"29":3,"30":0,"31":0,"32":0,"33":0,"34":0,"35":0,"36":0,"37":0,"38":0,"39":0,"40":0,"41":0,"42":0,"43":0,"44":3,"45":6,"46":6,"47":0,"48":0,"49":0,"50":0,"51":0,"52":0,"53":0,"54":0,"55":0,"56":0,"57":0,"58":0,"59":0,"60":0,"61":0,"62":0,"63":0,"64":0,"65":0,"66":0,"67":0,"68":0,"69":0,"70":0,"71":0,"72":0,"73":0,"74":0,"75":0,"76":0,"77":0,"78":0,"79":3,"80":0,"81":0,"82":0},"f":{"0":3,"1":9,"2":6,"3":0,"4":0,"5":0,"6":6,"7":0,"8":0,"9":0,"10":0},"b":{"0":[2,1],"1":[3,1],"2":[5,4],"3":[6],"4":[0,0],"5":[0,6],"6":[0],"7":[0,0],"8":[0,0],"9":[6],"10":[6,0],"11":[0,0],"12":[0,0],"13":[0,0],"14":[0,0]},"_coverageSchema":"1a1c01bbd47fc00a2c39e90264f33305004495a9","hash":"7873e7e993758153b7356e8ed202d545917a8554"}
}
