TN:
SF:app/(tabs)/index.tsx
FN:35,HomeScreen
FN:42,(anonymous_1)
FN:74,(anonymous_2)
FN:83,(anonymous_3)
FN:104,(anonymous_4)
FN:114,(anonymous_5)
FN:124,handlePlay
FN:147,popAnimation
FN:166,handleAnswer
FN:181,(anonymous_9)
FN:196,openDropdown
FN:209,closeDropdown
FN:214,(anonymous_12)
FN:232,(anonymous_13)
FN:260,(anonymous_14)
FN:264,(anonymous_15)
FN:284,(anonymous_16)
FN:290,(anonymous_17)
FN:320,(anonymous_18)
FN:328,(anonymous_19)
FN:343,(anonymous_20)
FN:351,(anonymous_21)
FNF:22
FNH:13
FNDA:21,HomeScreen
FNDA:280,(anonymous_1)
FNDA:20,(anonymous_2)
FNDA:20,(anonymous_3)
FNDA:5,(anonymous_4)
FNDA:5,(anonymous_5)
FNDA:4,handlePlay
FNDA:2,popAnimation
FNDA:3,handleAnswer
FNDA:3,(anonymous_9)
FNDA:0,openDropdown
FNDA:0,closeDropdown
FNDA:0,(anonymous_12)
FNDA:0,(anonymous_13)
FNDA:0,(anonymous_14)
FNDA:0,(anonymous_15)
FNDA:0,(anonymous_16)
FNDA:120,(anonymous_17)
FNDA:0,(anonymous_18)
FNDA:2,(anonymous_19)
FNDA:0,(anonymous_20)
FNDA:1,(anonymous_21)
DA:21,1
DA:22,0
DA:37,21
DA:39,20
DA:42,280
DA:45,20
DA:46,20
DA:47,20
DA:52,20
DA:55,20
DA:58,20
DA:61,20
DA:69,20
DA:74,20
DA:75,20
DA:81,20
DA:82,20
DA:83,20
DA:86,20
DA:87,0
DA:97,20
DA:98,20
DA:99,20
DA:104,20
DA:105,5
DA:114,5
DA:115,5
DA:116,4
DA:125,4
DA:126,4
DA:127,0
DA:130,4
DA:131,4
DA:133,4
DA:134,4
DA:135,4
DA:136,4
DA:137,4
DA:138,4
DA:140,0
DA:148,2
DA:149,2
DA:167,3
DA:168,3
DA:169,3
DA:172,3
DA:173,2
DA:174,2
DA:176,1
DA:180,3
DA:181,3
DA:183,3
DA:185,3
DA:186,3
DA:187,3
DA:191,20
DA:197,0
DA:198,0
DA:210,0
DA:215,0
DA:216,0
DA:221,20
DA:233,0
DA:261,0
DA:265,0
DA:266,0
DA:267,0
DA:268,0
DA:285,0
DA:286,0
DA:291,120
DA:292,120
DA:320,0
DA:328,2
DA:343,0
DA:351,1
LF:76
LH:57
BRDA:21,0,0,0
BRDA:21,0,1,1
BRDA:86,1,0,0
BRDA:86,1,1,20
BRDA:86,2,0,20
BRDA:86,2,1,20
BRDA:115,3,0,4
BRDA:115,3,1,1
BRDA:126,4,0,0
BRDA:126,4,1,4
BRDA:130,5,0,3
BRDA:130,5,1,1
BRDA:135,6,0,3
BRDA:135,6,1,1
BRDA:167,7,0,0
BRDA:167,7,1,3
BRDA:169,8,0,2
BRDA:169,8,1,1
BRDA:172,9,0,2
BRDA:172,9,1,1
BRDA:183,10,0,0
BRDA:183,10,1,3
BRDA:183,11,0,3
BRDA:183,11,1,3
BRDA:191,12,0,20
BRDA:191,12,1,0
BRDA:215,13,0,0
BRDA:215,13,1,0
BRDA:233,14,0,0
BRDA:233,14,1,0
BRDA:242,15,0,20
BRDA:242,15,1,0
BRDA:314,16,0,4
BRDA:314,16,1,16
BRDA:314,17,0,20
BRDA:314,17,1,12
BRDA:337,18,0,0
BRDA:337,18,1,20
BRDA:337,19,0,20
BRDA:337,19,1,2
BRDA:358,20,0,20
BRDA:358,20,1,6
BRDA:363,21,0,4
BRDA:363,21,1,2
BRDA:368,22,0,4
BRDA:368,22,1,2
BRF:46
BRH:34
end_of_record
TN:
SF:app/(tabs)/infoScreen.tsx
FN:8,InfoScreen
FNF:1
FNH:1
FNDA:1,InfoScreen
DA:9,1
DA:10,1
DA:18,1
DA:20,1
LF:4
LH:4
BRF:0
BRH:0
end_of_record
TN:
SF:app/(tabs)/results.tsx
FN:21,ResultsScreen
FN:35,(anonymous_1)
FN:38,(anonymous_2)
FN:53,(anonymous_3)
FN:62,(anonymous_4)
FN:66,(anonymous_5)
FN:72,(anonymous_6)
FN:137,(anonymous_7)
FNF:8
FNH:6
FNDA:1,ResultsScreen
FNDA:14,(anonymous_1)
FNDA:1,(anonymous_2)
FNDA:6,(anonymous_3)
FNDA:6,(anonymous_4)
FNDA:0,(anonymous_5)
FNDA:0,(anonymous_6)
FNDA:7,(anonymous_7)
DA:22,1
DA:23,1
DA:25,1
DA:33,1
DA:35,14
DA:36,1
DA:37,1
DA:38,1
DA:41,1
DA:42,0
DA:53,1
DA:54,6
DA:55,6
DA:62,1
DA:63,6
DA:64,6
DA:65,6
DA:66,6
DA:67,6
DA:68,6
DA:69,6
DA:71,6
DA:72,0
DA:75,6
DA:123,1
DA:137,7
LF:26
LH:24
BRDA:41,0,0,0
BRDA:41,0,1,1
BRDA:41,1,0,1
BRDA:41,1,1,1
BRDA:63,2,0,6
BRDA:63,2,1,6
BRDA:64,3,0,6
BRDA:64,3,1,0
BRDA:67,4,0,0
BRDA:67,4,1,6
BRDA:71,5,0,0
BRDA:71,5,1,6
BRDA:112,6,0,6
BRDA:112,6,1,0
BRF:14
BRH:9
end_of_record
TN:
SF:assets/audio/bad.mp3
FNF:0
FNH:0
DA:1,2
LF:1
LH:1
BRF:0
BRH:0
end_of_record
TN:
SF:assets/audio/ban.mp3
FNF:0
FNH:0
DA:1,2
LF:1
LH:1
BRF:0
BRH:0
end_of_record
TN:
SF:assets/audio/bane.mp3
FNF:0
FNH:0
DA:1,2
LF:1
LH:1
BRF:0
BRH:0
end_of_record
TN:
SF:assets/audio/bat.mp3
FNF:0
FNH:0
DA:1,2
LF:1
LH:1
BRF:0
BRH:0
end_of_record
TN:
SF:assets/audio/beat.mp3
FNF:0
FNH:0
DA:1,2
LF:1
LH:1
BRF:0
BRH:0
end_of_record
TN:
SF:assets/audio/bed.mp3
FNF:0
FNH:0
DA:1,2
LF:1
LH:1
BRF:0
BRH:0
end_of_record
TN:
SF:assets/audio/bet.mp3
FNF:0
FNH:0
DA:1,2
LF:1
LH:1
BRF:0
BRH:0
end_of_record
TN:
SF:assets/audio/bit.mp3
FNF:0
FNH:0
DA:1,2
LF:1
LH:1
BRF:0
BRH:0
end_of_record
TN:
SF:assets/audio/bow.mp3
FNF:0
FNH:0
DA:1,2
LF:1
LH:1
BRF:0
BRH:0
end_of_record
TN:
SF:assets/audio/calm.mp3
FNF:0
FNH:0
DA:1,2
LF:1
LH:1
BRF:0
BRH:0
end_of_record
TN:
SF:assets/audio/cat.mp3
FNF:0
FNH:0
DA:1,2
LF:1
LH:1
BRF:0
BRH:0
end_of_record
TN:
SF:assets/audio/chip.mp3
FNF:0
FNH:0
DA:1,2
LF:1
LH:1
BRF:0
BRH:0
end_of_record
TN:
SF:assets/audio/come.mp3
FNF:0
FNH:0
DA:1,2
LF:1
LH:1
BRF:0
BRH:0
end_of_record
TN:
SF:assets/audio/cot.mp3
FNF:0
FNH:0
DA:1,2
LF:1
LH:1
BRF:0
BRH:0
end_of_record
TN:
SF:assets/audio/cut.mp3
FNF:0
FNH:0
DA:1,2
LF:1
LH:1
BRF:0
BRH:0
end_of_record
TN:
SF:assets/audio/den.mp3
FNF:0
FNH:0
DA:1,2
LF:1
LH:1
BRF:0
BRH:0
end_of_record
TN:
SF:assets/audio/fan.mp3
FNF:0
FNH:0
DA:1,2
LF:1
LH:1
BRF:0
BRH:0
end_of_record
TN:
SF:assets/audio/fine.mp3
FNF:0
FNH:0
DA:1,2
LF:1
LH:1
BRF:0
BRH:0
end_of_record
TN:
SF:assets/audio/jam.mp3
FNF:0
FNH:0
DA:1,2
LF:1
LH:1
BRF:0
BRH:0
end_of_record
TN:
SF:assets/audio/leaf.mp3
FNF:0
FNH:0
DA:1,2
LF:1
LH:1
BRF:0
BRH:0
end_of_record
TN:
SF:assets/audio/leap.mp3
FNF:0
FNH:0
DA:1,2
LF:1
LH:1
BRF:0
BRH:0
end_of_record
TN:
SF:assets/audio/leave.mp3
FNF:0
FNH:0
DA:1,2
LF:1
LH:1
BRF:0
BRH:0
end_of_record
TN:
SF:assets/audio/light.mp3
FNF:0
FNH:0
DA:1,2
LF:1
LH:1
BRF:0
BRH:0
end_of_record
TN:
SF:assets/audio/load.mp3
FNF:0
FNH:0
DA:1,2
LF:1
LH:1
BRF:0
BRH:0
end_of_record
TN:
SF:assets/audio/pan.mp3
FNF:0
FNH:0
DA:1,2
LF:1
LH:1
BRF:0
BRH:0
end_of_record
TN:
SF:assets/audio/pat.mp3
FNF:0
FNH:0
DA:1,2
LF:1
LH:1
BRF:0
BRH:0
end_of_record
TN:
SF:assets/audio/pool.mp3
FNF:0
FNH:0
DA:1,2
LF:1
LH:1
BRF:0
BRH:0
end_of_record
TN:
SF:assets/audio/pull.mp3
FNF:0
FNH:0
DA:1,2
LF:1
LH:1
BRF:0
BRH:0
end_of_record
TN:
SF:assets/audio/right.mp3
FNF:0
FNH:0
DA:1,2
LF:1
LH:1
BRF:0
BRH:0
end_of_record
TN:
SF:assets/audio/road.mp3
FNF:0
FNH:0
DA:1,2
LF:1
LH:1
BRF:0
BRH:0
end_of_record
TN:
SF:assets/audio/seal.mp3
FNF:0
FNH:0
DA:1,2
LF:1
LH:1
BRF:0
BRH:0
end_of_record
TN:
SF:assets/audio/seat.mp3
FNF:0
FNH:0
DA:1,2
LF:1
LH:1
BRF:0
BRH:0
end_of_record
TN:
SF:assets/audio/sheep.mp3
FNF:0
FNH:0
DA:1,2
LF:1
LH:1
BRF:0
BRH:0
end_of_record
TN:
SF:assets/audio/sheet.mp3
FNF:0
FNH:0
DA:1,2
LF:1
LH:1
BRF:0
BRH:0
end_of_record
TN:
SF:assets/audio/ship.mp3
FNF:0
FNH:0
DA:1,2
LF:1
LH:1
BRF:0
BRH:0
end_of_record
TN:
SF:assets/audio/sin.mp3
FNF:0
FNH:0
DA:1,2
LF:1
LH:1
BRF:0
BRH:0
end_of_record
TN:
SF:assets/audio/sing.mp3
FNF:0
FNH:0
DA:1,2
LF:1
LH:1
BRF:0
BRH:0
end_of_record
TN:
SF:assets/audio/sink.mp3
FNF:0
FNH:0
DA:1,2
LF:1
LH:1
BRF:0
BRH:0
end_of_record
TN:
SF:assets/audio/sip.mp3
FNF:0
FNH:0
DA:1,2
LF:1
LH:1
BRF:0
BRH:0
end_of_record
TN:
SF:assets/audio/then.mp3
FNF:0
FNH:0
DA:1,2
LF:1
LH:1
BRF:0
BRH:0
end_of_record
TN:
SF:assets/audio/thin.mp3
FNF:0
FNH:0
DA:1,2
LF:1
LH:1
BRF:0
BRH:0
end_of_record
TN:
SF:assets/audio/think.mp3
FNF:0
FNH:0
DA:1,2
LF:1
LH:1
BRF:0
BRH:0
end_of_record
TN:
SF:assets/audio/tin.mp3
FNF:0
FNH:0
DA:1,2
LF:1
LH:1
BRF:0
BRH:0
end_of_record
TN:
SF:assets/audio/vain.mp3
FNF:0
FNH:0
DA:1,2
LF:1
LH:1
BRF:0
BRH:0
end_of_record
TN:
SF:assets/audio/van.mp3
FNF:0
FNH:0
DA:1,2
LF:1
LH:1
BRF:0
BRH:0
end_of_record
TN:
SF:assets/audio/vest.mp3
FNF:0
FNH:0
DA:1,2
LF:1
LH:1
BRF:0
BRH:0
end_of_record
TN:
SF:assets/audio/vine.mp3
FNF:0
FNH:0
DA:1,2
LF:1
LH:1
BRF:0
BRH:0
end_of_record
TN:
SF:assets/audio/vow.mp3
FNF:0
FNH:0
DA:1,2
LF:1
LH:1
BRF:0
BRH:0
end_of_record
TN:
SF:assets/audio/west.mp3
FNF:0
FNH:0
DA:1,2
LF:1
LH:1
BRF:0
BRH:0
end_of_record
TN:
SF:assets/audio/wine.mp3
FNF:0
FNH:0
DA:1,2
LF:1
LH:1
BRF:0
BRH:0
end_of_record
TN:
SF:assets/audio/zeal.mp3
FNF:0
FNH:0
DA:1,2
LF:1
LH:1
BRF:0
BRH:0
end_of_record
TN:
SF:assets/audio/zham.mp3
FNF:0
FNH:0
DA:1,2
LF:1
LH:1
BRF:0
BRH:0
end_of_record
TN:
SF:assets/audio/zip.mp3
FNF:0
FNH:0
DA:1,2
LF:1
LH:1
BRF:0
BRH:0
end_of_record
TN:
SF:components/ThemedText.tsx
FN:11,ThemedText
FNF:1
FNH:1
FNDA:1,ThemedText
DA:18,1
DA:20,1
DA:36,1
LF:3
LH:3
BRDA:15,0,0,1
BRDA:24,1,0,1
BRDA:24,1,1,0
BRDA:25,2,0,0
BRDA:25,2,1,1
BRDA:26,3,0,0
BRDA:26,3,1,1
BRDA:27,4,0,0
BRDA:27,4,1,1
BRDA:28,5,0,0
BRDA:28,5,1,1
BRF:11
BRH:6
end_of_record
TN:
SF:components/TimePracticedBar.tsx
FN:12,TimePracticedBar
FNF:1
FNH:0
FNDA:0,TimePracticedBar
DA:13,0
DA:14,0
DA:16,0
DA:28,1
LF:4
LH:1
BRDA:12,0,0,0
BRF:1
BRH:0
end_of_record
TN:
SF:constants/Colors.ts
FNF:0
FNH:0
DA:1,4
LF:1
LH:1
BRF:0
BRH:0
end_of_record
TN:
SF:constants/alternateLanguages.ts
FNF:0
FNH:0
DA:16,3
LF:1
LH:1
BRF:0
BRH:0
end_of_record
TN:
SF:constants/minimalPairs.ts
FNF:0
FNH:0
DA:1,2
LF:1
LH:1
BRF:0
BRH:0
end_of_record
TN:
SF:constants/styles.ts
FN:19,(anonymous_0)
FNF:1
FNH:1
FNDA:22,(anonymous_0)
DA:19,3
DA:20,22
LF:2
LH:2
BRDA:91,0,0,22
BRDA:91,0,1,22
BRF:2
BRH:2
end_of_record
TN:
SF:hooks/useColorScheme.ts
FNF:0
FNH:0
LF:0
LH:0
BRF:0
BRH:0
end_of_record
TN:
SF:hooks/useLanguageScheme.tsx
FN:18,(anonymous_0)
FN:27,(anonymous_1)
FN:40,(anonymous_2)
FNF:3
FNH:3
FNDA:7,(anonymous_0)
FNDA:39,(anonymous_1)
FNDA:22,(anonymous_2)
DA:14,3
DA:18,3
DA:23,7
DA:24,7
DA:25,7
DA:27,7
DA:28,39
DA:31,7
DA:40,3
DA:41,22
DA:42,22
DA:43,0
DA:47,22
LF:13
LH:12
BRDA:28,0,0,39
BRDA:28,0,1,0
BRDA:42,1,0,0
BRDA:42,1,1,22
BRF:4
BRH:2
end_of_record
TN:
SF:hooks/useThemeColor.ts
FN:9,useThemeColor
FN:13,getThemeColor
FNF:2
FNH:2
FNDA:133,useThemeColor
FNDA:132,getThemeColor
DA:13,133
DA:14,132
DA:16,132
DA:18,132
DA:19,0
DA:22,132
DA:23,132
LF:7
LH:6
BRDA:14,0,0,132
BRDA:14,0,1,0
BRDA:18,1,0,0
BRDA:18,1,1,132
BRDA:22,2,0,132
BRDA:22,2,1,0
BRDA:23,3,0,132
BRDA:23,3,1,0
BRF:8
BRH:4
end_of_record
TN:
SF:src/context/PairProgressContext.tsx
FN:12,(anonymous_0)
FN:19,(anonymous_1)
FN:22,(anonymous_2)
FN:29,(anonymous_3)
FN:30,(anonymous_4)
FN:32,(anonymous_5)
FN:37,(anonymous_6)
FN:40,(anonymous_7)
FN:50,(anonymous_8)
FNF:9
FNH:7
FNDA:0,(anonymous_0)
FNDA:0,(anonymous_1)
FNDA:15,(anonymous_2)
FNDA:6,(anonymous_3)
FNDA:6,(anonymous_4)
FNDA:6,(anonymous_5)
FNDA:3,(anonymous_6)
FNDA:3,(anonymous_7)
FNDA:22,(anonymous_8)
DA:9,3
DA:10,3
DA:12,0
DA:14,3
DA:22,3
DA:27,15
DA:29,15
DA:30,6
DA:31,6
DA:32,6
DA:34,6
DA:37,15
DA:38,3
DA:39,3
DA:40,3
DA:43,15
DA:50,22
LF:17
LH:16
BRDA:10,0,0,3
BRDA:10,0,1,0
BRF:2
BRH:1
end_of_record
TN:
SF:src/storage/progressStorage.ts
FN:16,(anonymous_0)
FN:44,(anonymous_1)
FN:54,(anonymous_2)
FN:64,(anonymous_3)
FN:74,(anonymous_4)
FN:80,(anonymous_5)
FN:96,(anonymous_6)
FN:102,(anonymous_7)
FN:119,(anonymous_8)
FN:145,(anonymous_9)
FN:163,(anonymous_10)
FNF:11
FNH:4
FNDA:3,(anonymous_0)
FNDA:9,(anonymous_1)
FNDA:6,(anonymous_2)
FNDA:0,(anonymous_3)
FNDA:0,(anonymous_4)
FNDA:0,(anonymous_5)
FNDA:6,(anonymous_6)
FNDA:0,(anonymous_7)
FNDA:0,(anonymous_8)
FNDA:0,(anonymous_9)
FNDA:0,(anonymous_10)
DA:5,3
DA:16,3
DA:20,3
DA:21,3
DA:22,3
DA:26,3
DA:31,3
DA:32,3
DA:34,3
DA:38,3
DA:40,0
DA:44,3
DA:45,9
DA:46,9
DA:47,9
DA:49,0
DA:50,0
DA:54,3
DA:58,6
DA:59,6
DA:61,6
DA:62,6
DA:64,6
DA:65,0
DA:66,0
DA:67,0
DA:68,0
DA:71,6
DA:74,3
DA:78,0
DA:80,0
DA:81,0
DA:82,0
DA:84,0
DA:85,0
DA:86,0
DA:87,0
DA:88,0
DA:92,0
DA:93,0
DA:96,3
DA:100,6
DA:102,0
DA:103,0
DA:104,0
DA:105,0
DA:106,0
DA:108,0
DA:109,0
DA:110,0
DA:112,0
DA:114,0
DA:115,0
DA:116,0
DA:117,0
DA:119,0
DA:120,0
DA:123,0
DA:128,0
DA:134,0
DA:135,0
DA:138,0
DA:142,0
DA:143,0
DA:144,0
DA:145,0
DA:146,0
DA:149,0
DA:154,0
DA:160,0
DA:163,3
DA:164,0
DA:165,0
DA:167,0
LF:74
LH:25
BRDA:22,0,0,2
BRDA:22,0,1,1
BRDA:31,1,0,3
BRDA:31,1,1,1
BRDA:47,2,0,5
BRDA:47,2,1,4
BRDA:56,3,0,6
BRDA:68,4,0,0
BRDA:68,4,1,0
BRDA:71,5,0,0
BRDA:71,5,1,6
BRDA:76,6,0,0
BRDA:78,7,0,0
BRDA:78,7,1,0
BRDA:86,8,0,0
BRDA:86,8,1,0
BRDA:98,9,0,6
BRDA:100,10,0,6
BRDA:100,10,1,0
BRDA:112,11,0,0
BRDA:112,11,1,0
BRDA:114,12,0,0
BRDA:114,12,1,0
BRDA:120,13,0,0
BRDA:120,13,1,0
BRDA:146,14,0,0
BRDA:146,14,1,0
BRF:27
BRH:10
end_of_record
